<?xml version='1.0' encoding='UTF-8' ?>
<testsuite name="com.example.dogglers.ButtonTests" tests="19" failures="14" errors="0" skipped="0" time="18.644" timestamp="2022-02-05T20:39:30" hostname="localhost">
  <properties>
    <property name="device" value="SM-G780F - 11" />
    <property name="flavor" value="" />
    <property name="project" value="app" />
  </properties>
  <testcase name="grid_list_button_is_displayed" classname="com.example.dogglers.ButtonTests" time="0.517" />
  <testcase name="clicking_horizontal_list_button_displays_horizontal_list" classname="com.example.dogglers.ButtonTests" time="0.797">
    <failure>androidx.test.espresso.base.DefaultFailureHandler$AssertionFailedWithCauseError: 'is displayed on the screen to the user' doesn't match the selected view.
Expected: is displayed on the screen to the user
Got: "RecyclerView{id=2131230909, res-name=horizontal_recycler_view, visibility=VISIBLE, width=1080, height=0, has-focus=false, has-focusable=true, has-window-focus=true, is-clickable=false, is-enabled=true, is-focused=false, is-focusable=true, is-layout-requested=false, is-selected=false, layout-params=android.widget.FrameLayout$LayoutParams&#64;e1eb657, tag=null, root-is-layout-requested=false, has-input-connection=false, x=0.0, y=1000.0, child-count=0}"

at dalvik.system.VMStack.getThreadStackTrace(Native Method)
at java.lang.Thread.getStackTrace(Thread.java:1736)
at androidx.test.espresso.base.DefaultFailureHandler.getUserFriendlyError(DefaultFailureHandler.java:16)
at androidx.test.espresso.base.DefaultFailureHandler.handle(DefaultFailureHandler.java:36)
at androidx.test.espresso.ViewInteraction.waitForAndHandleInteractionResults(ViewInteraction.java:103)
at androidx.test.espresso.ViewInteraction.check(ViewInteraction.java:31)
at com.example.dogglers.ButtonTests.clicking_horizontal_list_button_displays_horizontal_list(ButtonTests.kt:61)
at java.lang.reflect.Method.invoke(Native Method)
at org.junit.runners.model.FrameworkMethod$1.runReflectiveCall(FrameworkMethod.java:50)
at org.junit.internal.runners.model.ReflectiveCallable.run(ReflectiveCallable.java:12)
at org.junit.runners.model.FrameworkMethod.invokeExplosively(FrameworkMethod.java:47)
at org.junit.internal.runners.statements.InvokeMethod.evaluate(InvokeMethod.java:17)
at org.junit.rules.ExternalResource$1.evaluate(ExternalResource.java:48)
at org.junit.rules.RunRules.evaluate(RunRules.java:20)
at org.junit.runners.ParentRunner.runLeaf(ParentRunner.java:325)
at org.junit.runners.BlockJUnit4ClassRunner.runChild(BlockJUnit4ClassRunner.java:78)
at org.junit.runners.BlockJUnit4ClassRunner.runChild(BlockJUnit4ClassRunner.java:57)
at org.junit.runners.ParentRunner$3.run(ParentRunner.java:290)
at org.junit.runners.ParentRunner$1.schedule(ParentRunner.java:71)
at org.junit.runners.ParentRunner.runChildren(ParentRunner.java:288)
at org.junit.runners.ParentRunner.access$000(ParentRunner.java:58)
at org.junit.runners.ParentRunner$2.evaluate(ParentRunner.java:268)
at org.junit.runners.ParentRunner.run(ParentRunner.java:363)
at androidx.test.ext.junit.runners.AndroidJUnit4.run(AndroidJUnit4.java:154)
at org.junit.runners.Suite.runChild(Suite.java:128)
at org.junit.runners.Suite.runChild(Suite.java:27)
at org.junit.runners.ParentRunner$3.run(ParentRunner.java:290)
at org.junit.runners.ParentRunner$1.schedule(ParentRunner.java:71)
at org.junit.runners.ParentRunner.runChildren(ParentRunner.java:288)
at org.junit.runners.ParentRunner.access$000(ParentRunner.java:58)
at org.junit.runners.ParentRunner$2.evaluate(ParentRunner.java:268)
at org.junit.runners.ParentRunner.run(ParentRunner.java:363)
at org.junit.runner.JUnitCore.run(JUnitCore.java:137)
at org.junit.runner.JUnitCore.run(JUnitCore.java:115)
at androidx.test.internal.runner.TestExecutor.execute(TestExecutor.java:56)
at androidx.test.runner.AndroidJUnitRunner.onStart(AndroidJUnitRunner.java:395)
at android.app.Instrumentation$InstrumentationThread.run(Instrumentation.java:2218)
Caused by: junit.framework.AssertionFailedError: 'is displayed on the screen to the user' doesn't match the selected view.
Expected: is displayed on the screen to the user
Got: "RecyclerView{id=2131230909, res-name=horizontal_recycler_view, visibility=VISIBLE, width=1080, height=0, has-focus=false, has-focusable=true, has-window-focus=true, is-clickable=false, is-enabled=true, is-focused=false, is-focusable=true, is-layout-requested=false, is-selected=false, layout-params=android.widget.FrameLayout$LayoutParams&#64;e1eb657, tag=null, root-is-layout-requested=false, has-input-connection=false, x=0.0, y=1000.0, child-count=0}"

at androidx.test.espresso.matcher.ViewMatchers.assertThat(ViewMatchers.java:17)
at androidx.test.espresso.assertion.ViewAssertions$MatchesViewAssertion.check(ViewAssertions.java:15)
at androidx.test.espresso.ViewInteraction$SingleExecutionViewAssertion.check(ViewInteraction.java:10)
at androidx.test.espresso.ViewInteraction$2.call(ViewInteraction.java:11)
at androidx.test.espresso.ViewInteraction$2.call(ViewInteraction.java:2)
at java.util.concurrent.FutureTask.run(FutureTask.java:266)
at android.os.Handler.handleCallback(Handler.java:938)
at android.os.Handler.dispatchMessage(Handler.java:99)
at android.os.Looper.loop(Looper.java:246)
at android.app.ActivityThread.main(ActivityThread.java:8633)
at java.lang.reflect.Method.invoke(Native Method)
at com.android.internal.os.RuntimeInit$MethodAndArgsCaller.run(RuntimeInit.java:602)
at com.android.internal.os.ZygoteInit.main(ZygoteInit.java:1130)</failure>
  </testcase>
  <testcase name="clicking_grid_list_button_displays_grid_list" classname="com.example.dogglers.ButtonTests" time="0.741" />
  <testcase name="clicking_vertical_list_button_displays_vertical_list" classname="com.example.dogglers.ButtonTests" time="0.779" />
  <testcase name="horizontal_list_button_is_displayed" classname="com.example.dogglers.ButtonTests" time="0.365" />
  <testcase name="vertical_list_button_is_displayed" classname="com.example.dogglers.ButtonTests" time="0.365" />
  <testcase name="recycler_view_item_count" classname="com.example.dogglers.GridListTests" time="0.401">
    <failure>androidx.test.espresso.base.DefaultFailureHandler$AssertionFailedWithCauseError: RecyclerView item count
Expected: &lt;6&gt;
Got: &lt;0&gt;

at dalvik.system.VMStack.getThreadStackTrace(Native Method)
at java.lang.Thread.getStackTrace(Thread.java:1736)
at androidx.test.espresso.base.DefaultFailureHandler.getUserFriendlyError(DefaultFailureHandler.java:16)
at androidx.test.espresso.base.DefaultFailureHandler.handle(DefaultFailureHandler.java:36)
at androidx.test.espresso.ViewInteraction.waitForAndHandleInteractionResults(ViewInteraction.java:103)
at androidx.test.espresso.ViewInteraction.check(ViewInteraction.java:31)
at com.example.dogglers.GridListTests.recycler_view_item_count(GridListTests.kt:66)
at java.lang.reflect.Method.invoke(Native Method)
at org.junit.runners.model.FrameworkMethod$1.runReflectiveCall(FrameworkMethod.java:50)
at org.junit.internal.runners.model.ReflectiveCallable.run(ReflectiveCallable.java:12)
at org.junit.runners.model.FrameworkMethod.invokeExplosively(FrameworkMethod.java:47)
at org.junit.internal.runners.statements.InvokeMethod.evaluate(InvokeMethod.java:17)
at org.junit.rules.ExternalResource$1.evaluate(ExternalResource.java:48)
at org.junit.rules.RunRules.evaluate(RunRules.java:20)
at org.junit.runners.ParentRunner.runLeaf(ParentRunner.java:325)
at org.junit.runners.BlockJUnit4ClassRunner.runChild(BlockJUnit4ClassRunner.java:78)
at org.junit.runners.BlockJUnit4ClassRunner.runChild(BlockJUnit4ClassRunner.java:57)
at org.junit.runners.ParentRunner$3.run(ParentRunner.java:290)
at org.junit.runners.ParentRunner$1.schedule(ParentRunner.java:71)
at org.junit.runners.ParentRunner.runChildren(ParentRunner.java:288)
at org.junit.runners.ParentRunner.access$000(ParentRunner.java:58)
at org.junit.runners.ParentRunner$2.evaluate(ParentRunner.java:268)
at org.junit.runners.ParentRunner.run(ParentRunner.java:363)
at androidx.test.ext.junit.runners.AndroidJUnit4.run(AndroidJUnit4.java:154)
at org.junit.runners.Suite.runChild(Suite.java:128)
at org.junit.runners.Suite.runChild(Suite.java:27)
at org.junit.runners.ParentRunner$3.run(ParentRunner.java:290)
at org.junit.runners.ParentRunner$1.schedule(ParentRunner.java:71)
at org.junit.runners.ParentRunner.runChildren(ParentRunner.java:288)
at org.junit.runners.ParentRunner.access$000(ParentRunner.java:58)
at org.junit.runners.ParentRunner$2.evaluate(ParentRunner.java:268)
at org.junit.runners.ParentRunner.run(ParentRunner.java:363)
at org.junit.runner.JUnitCore.run(JUnitCore.java:137)
at org.junit.runner.JUnitCore.run(JUnitCore.java:115)
at androidx.test.internal.runner.TestExecutor.execute(TestExecutor.java:56)
at androidx.test.runner.AndroidJUnitRunner.onStart(AndroidJUnitRunner.java:395)
at android.app.Instrumentation$InstrumentationThread.run(Instrumentation.java:2218)
Caused by: junit.framework.AssertionFailedError: RecyclerView item count
Expected: &lt;6&gt;
Got: &lt;0&gt;

at androidx.test.espresso.matcher.ViewMatchers.assertThat(ViewMatchers.java:17)
at com.example.dogglers.BaseTest$DrawableMatcher$RecyclerViewAssertion.check(BaseTest.kt:163)
at androidx.test.espresso.ViewInteraction$SingleExecutionViewAssertion.check(ViewInteraction.java:10)
at androidx.test.espresso.ViewInteraction$2.call(ViewInteraction.java:11)
at androidx.test.espresso.ViewInteraction$2.call(ViewInteraction.java:2)
at java.util.concurrent.FutureTask.run(FutureTask.java:266)
at android.os.Handler.handleCallback(Handler.java:938)
at android.os.Handler.dispatchMessage(Handler.java:99)
at android.os.Looper.loop(Looper.java:246)
at android.app.ActivityThread.main(ActivityThread.java:8633)
at java.lang.reflect.Method.invoke(Native Method)
at com.android.internal.os.RuntimeInit$MethodAndArgsCaller.run(RuntimeInit.java:602)
at com.android.internal.os.ZygoteInit.main(ZygoteInit.java:1130)</failure>
  </testcase>
  <testcase name="grid_list_content_on_first_page" classname="com.example.dogglers.GridListTests" time="0.407">
    <failure>androidx.test.espresso.NoMatchingViewException: No views in hierarchy found matching: with text: is "Nox"

View Hierarchy:
+&gt;DecorView{id=-1, visibility=VISIBLE, width=1080, height=2400, has-focus=false, has-focusable=true, has-window-focus=true, is-clickable=false, is-enabled=true, is-focused=false, is-focusable=false, is-layout-requested=false, is-selected=false, layout-params={(0,0)(fillxfill) ty=BASE_APPLICATION wanim=0x1030304
fl=81810100
pfl=10020000
fitSides= naviIconColor=0}, tag=null, root-is-layout-requested=false, has-input-connection=false, x=0.0, y=0.0, child-count=3}
|
+-&gt;LinearLayout{id=-1, visibility=VISIBLE, width=1080, height=2256, has-focus=false, has-focusable=true, has-window-focus=true, is-clickable=false, is-enabled=true, is-focused=false, is-focusable=false, is-layout-requested=false, is-selected=false, layout-params=android.widget.FrameLayout$LayoutParams&#64;6e41638, tag=null, root-is-layout-requested=false, has-input-connection=false, x=0.0, y=0.0, child-count=2}
|
+--&gt;ViewStub{id=16908721, res-name=action_mode_bar_stub, visibility=GONE, width=0, height=0, has-focus=false, has-focusable=false, has-window-focus=true, is-clickable=false, is-enabled=true, is-focused=false, is-focusable=false, is-layout-requested=true, is-selected=false, layout-params=android.widget.LinearLayout$LayoutParams&#64;532b611, tag=null, root-is-layout-requested=false, has-input-connection=false, x=0.0, y=0.0}
|
+--&gt;FrameLayout{id=-1, visibility=VISIBLE, width=1080, height=2168, has-focus=false, has-focusable=true, has-window-focus=true, is-clickable=false, is-enabled=true, is-focused=false, is-focusable=false, is-layout-requested=false, is-selected=false, layout-params=android.widget.LinearLayout$LayoutParams&#64;ff0fd77, tag=null, root-is-layout-requested=false, has-input-connection=false, x=0.0, y=88.0, child-count=1}
|
+---&gt;ActionBarOverlayLayout{id=2131230845, res-name=decor_content_parent, visibility=VISIBLE, width=1080, height=2168, has-focus=false, has-focusable=true, has-window-focus=true, is-clickable=false, is-enabled=true, is-focused=false, is-focusable=false, is-layout-requested=false, is-selected=false, layout-params=android.widget.FrameLayout$LayoutParams&#64;9a5c102, tag=null, root-is-layout-requested=false, has-input-connection=false, x=0.0, y=0.0, child-count=2}
|
+----&gt;ContentFrameLayout{id=16908290, res-name=content, visibility=VISIBLE, width=1080, height=2000, has-focus=false, has-focusable=true, has-window-focus=true, is-clickable=false, is-enabled=true, is-focused=false, is-focusable=false, is-layout-requested=false, is-selected=false, layout-params=androidx.appcompat.widget.ActionBarOverlayLayout$LayoutParams&#64;6377450, tag=null, root-is-layout-requested=false, has-input-connection=false, x=0.0, y=168.0, child-count=1}
|
+-----&gt;FrameLayout{id=-1, visibility=VISIBLE, width=1080, height=2000, has-focus=false, has-focusable=true, has-window-focus=true, is-clickable=false, is-enabled=true, is-focused=false, is-focusable=false, is-layout-requested=false, is-selected=false, layout-params=android.widget.FrameLayout$LayoutParams&#64;732eb4e, tag=null, root-is-layout-requested=false, has-input-connection=false, x=0.0, y=0.0, child-count=1}
|
+------&gt;RecyclerView{id=2131230898, res-name=grid_recycler_view, visibility=VISIBLE, width=1080, height=2000, has-focus=false, has-focusable=true, has-window-focus=true, is-clickable=false, is-enabled=true, is-focused=false, is-focusable=true, is-layout-requested=false, is-selected=false, layout-params=android.widget.FrameLayout$LayoutParams&#64;b4246f, tag=null, root-is-layout-requested=false, has-input-connection=false, x=0.0, y=0.0, child-count=0}
|
+----&gt;ActionBarContainer{id=2131230771, res-name=action_bar_container, visibility=VISIBLE, width=1080, height=168, has-focus=false, has-focusable=false, has-window-focus=true, is-clickable=false, is-enabled=true, is-focused=false, is-focusable=false, is-layout-requested=false, is-selected=false, layout-params=androidx.appcompat.widget.ActionBarOverlayLayout$LayoutParams&#64;b566e5a, tag=null, root-is-layout-requested=false, has-input-connection=false, x=0.0, y=0.0, child-count=2}
|
+-----&gt;Toolbar{id=2131230769, res-name=action_bar, visibility=VISIBLE, width=1080, height=168, has-focus=false, has-focusable=false, has-window-focus=true, is-clickable=false, is-enabled=true, is-focused=false, is-focusable=false, is-layout-requested=false, is-selected=false, layout-params=android.widget.FrameLayout$LayoutParams&#64;9fd1626, tag=null, root-is-layout-requested=false, has-input-connection=false, x=0.0, y=0.0, child-count=3}
|
+------&gt;AppCompatTextView{id=-1, visibility=VISIBLE, width=240, height=81, has-focus=false, has-focusable=false, has-window-focus=true, is-clickable=false, is-enabled=true, is-focused=false, is-focusable=false, is-layout-requested=false, is-selected=false, layout-params=androidx.appcompat.widget.Toolbar$LayoutParams&#64;4e63267, tag=null, root-is-layout-requested=false, has-input-connection=false, x=216.0, y=43.0, text=Dogglers, input-type=0, ime-target=false, has-links=false}
|
+------&gt;AppCompatImageButton{id=-1, desc=Navegar para cima, visibility=VISIBLE, width=168, height=168, has-focus=false, has-focusable=false, has-window-focus=true, is-clickable=true, is-enabled=true, is-focused=false, is-focusable=true, is-layout-requested=false, is-selected=false, layout-params=androidx.appcompat.widget.Toolbar$LayoutParams&#64;c090814, tag=null, root-is-layout-requested=false, has-input-connection=false, x=0.0, y=0.0}
|
+------&gt;ActionMenuView{id=-1, visibility=VISIBLE, width=0, height=168, has-focus=false, has-focusable=false, has-window-focus=true, is-clickable=false, is-enabled=true, is-focused=false, is-focusable=false, is-layout-requested=false, is-selected=false, layout-params=androidx.appcompat.widget.Toolbar$LayoutParams&#64;3c6b8bd, tag=null, root-is-layout-requested=false, has-input-connection=false, x=1080.0, y=0.0, child-count=0}
|
+-----&gt;ActionBarContextView{id=2131230777, res-name=action_context_bar, visibility=GONE, width=0, height=0, has-focus=false, has-focusable=false, has-window-focus=true, is-clickable=false, is-enabled=true, is-focused=false, is-focusable=false, is-layout-requested=true, is-selected=false, layout-params=android.widget.FrameLayout$LayoutParams&#64;7146eb2, tag=null, root-is-layout-requested=false, has-input-connection=false, x=0.0, y=0.0, child-count=0}
|
+-&gt;View{id=16908336, res-name=navigationBarBackground, visibility=VISIBLE, width=1080, height=144, has-focus=false, has-focusable=false, has-window-focus=true, is-clickable=false, is-enabled=true, is-focused=false, is-focusable=false, is-layout-requested=false, is-selected=false, layout-params=android.widget.FrameLayout$LayoutParams&#64;d198e03, tag=null, root-is-layout-requested=false, has-input-connection=false, x=0.0, y=2256.0}
|
+-&gt;View{id=16908335, res-name=statusBarBackground, visibility=VISIBLE, width=1080, height=88, has-focus=false, has-focusable=false, has-window-focus=true, is-clickable=false, is-enabled=true, is-focused=false, is-focusable=false, is-layout-requested=false, is-selected=false, layout-params=android.widget.FrameLayout$LayoutParams&#64;6789180, tag=null, root-is-layout-requested=false, has-input-connection=false, x=0.0, y=0.0}
|
at dalvik.system.VMStack.getThreadStackTrace(Native Method)
at java.lang.Thread.getStackTrace(Thread.java:1736)
at androidx.test.espresso.base.DefaultFailureHandler.getUserFriendlyError(DefaultFailureHandler.java:16)
at androidx.test.espresso.base.DefaultFailureHandler.handle(DefaultFailureHandler.java:36)
at androidx.test.espresso.ViewInteraction.waitForAndHandleInteractionResults(ViewInteraction.java:106)
at androidx.test.espresso.ViewInteraction.check(ViewInteraction.java:31)
at com.example.dogglers.GridListTests.grid_list_content_on_first_page(GridListTests.kt:47)
at java.lang.reflect.Method.invoke(Native Method)
at org.junit.runners.model.FrameworkMethod$1.runReflectiveCall(FrameworkMethod.java:50)
at org.junit.internal.runners.model.ReflectiveCallable.run(ReflectiveCallable.java:12)
at org.junit.runners.model.FrameworkMethod.invokeExplosively(FrameworkMethod.java:47)
at org.junit.internal.runners.statements.InvokeMethod.evaluate(InvokeMethod.java:17)
at org.junit.rules.ExternalResource$1.evaluate(ExternalResource.java:48)
at org.junit.rules.RunRules.evaluate(RunRules.java:20)
at org.junit.runners.ParentRunner.runLeaf(ParentRunner.java:325)
at org.junit.runners.BlockJUnit4ClassRunner.runChild(BlockJUnit4ClassRunner.java:78)
at org.junit.runners.BlockJUnit4ClassRunner.runChild(BlockJUnit4ClassRunner.java:57)
at org.junit.runners.ParentRunner$3.run(ParentRunner.java:290)
at org.junit.runners.ParentRunner$1.schedule(ParentRunner.java:71)
at org.junit.runners.ParentRunner.runChildren(ParentRunner.java:288)
at org.junit.runners.ParentRunner.access$000(ParentRunner.java:58)
at org.junit.runners.ParentRunner$2.evaluate(ParentRunner.java:268)
at org.junit.runners.ParentRunner.run(ParentRunner.java:363)
at androidx.test.ext.junit.runners.AndroidJUnit4.run(AndroidJUnit4.java:154)
at org.junit.runners.Suite.runChild(Suite.java:128)
at org.junit.runners.Suite.runChild(Suite.java:27)
at org.junit.runners.ParentRunner$3.run(ParentRunner.java:290)
at org.junit.runners.ParentRunner$1.schedule(ParentRunner.java:71)
at org.junit.runners.ParentRunner.runChildren(ParentRunner.java:288)
at org.junit.runners.ParentRunner.access$000(ParentRunner.java:58)
at org.junit.runners.ParentRunner$2.evaluate(ParentRunner.java:268)
at org.junit.runners.ParentRunner.run(ParentRunner.java:363)
at org.junit.runner.JUnitCore.run(JUnitCore.java:137)
at org.junit.runner.JUnitCore.run(JUnitCore.java:115)
at androidx.test.internal.runner.TestExecutor.execute(TestExecutor.java:56)
at androidx.test.runner.AndroidJUnitRunner.onStart(AndroidJUnitRunner.java:395)
at android.app.Instrumentation$InstrumentationThread.run(Instrumentation.java:2218)</failure>
  </testcase>
  <testcase name="vertical_scrolling" classname="com.example.dogglers.GridListTests" time="0.631">
    <failure>androidx.test.espresso.NoMatchingViewException: No views in hierarchy found matching: with text: is "Bella"

View Hierarchy:
+&gt;DecorView{id=-1, visibility=VISIBLE, width=1080, height=2400, has-focus=false, has-focusable=true, has-window-focus=true, is-clickable=false, is-enabled=true, is-focused=false, is-focusable=false, is-layout-requested=false, is-selected=false, layout-params={(0,0)(fillxfill) ty=BASE_APPLICATION wanim=0x1030304
fl=81810100
pfl=10020000
fitSides= naviIconColor=0}, tag=null, root-is-layout-requested=false, has-input-connection=false, x=0.0, y=0.0, child-count=3}
|
+-&gt;LinearLayout{id=-1, visibility=VISIBLE, width=1080, height=2256, has-focus=false, has-focusable=true, has-window-focus=true, is-clickable=false, is-enabled=true, is-focused=false, is-focusable=false, is-layout-requested=false, is-selected=false, layout-params=android.widget.FrameLayout$LayoutParams&#64;166da3b, tag=null, root-is-layout-requested=false, has-input-connection=false, x=0.0, y=0.0, child-count=2}
|
+--&gt;ViewStub{id=16908721, res-name=action_mode_bar_stub, visibility=GONE, width=0, height=0, has-focus=false, has-focusable=false, has-window-focus=true, is-clickable=false, is-enabled=true, is-focused=false, is-focusable=false, is-layout-requested=true, is-selected=false, layout-params=android.widget.LinearLayout$LayoutParams&#64;3eb1558, tag=null, root-is-layout-requested=false, has-input-connection=false, x=0.0, y=0.0}
|
+--&gt;FrameLayout{id=-1, visibility=VISIBLE, width=1080, height=2168, has-focus=false, has-focusable=true, has-window-focus=true, is-clickable=false, is-enabled=true, is-focused=false, is-focusable=false, is-layout-requested=false, is-selected=false, layout-params=android.widget.LinearLayout$LayoutParams&#64;bcec796, tag=null, root-is-layout-requested=false, has-input-connection=false, x=0.0, y=88.0, child-count=1}
|
+---&gt;ActionBarOverlayLayout{id=2131230845, res-name=decor_content_parent, visibility=VISIBLE, width=1080, height=2168, has-focus=false, has-focusable=true, has-window-focus=true, is-clickable=false, is-enabled=true, is-focused=false, is-focusable=false, is-layout-requested=false, is-selected=false, layout-params=android.widget.FrameLayout$LayoutParams&#64;f076ced, tag=null, root-is-layout-requested=false, has-input-connection=false, x=0.0, y=0.0, child-count=2}
|
+----&gt;ContentFrameLayout{id=16908290, res-name=content, visibility=VISIBLE, width=1080, height=2000, has-focus=false, has-focusable=true, has-window-focus=true, is-clickable=false, is-enabled=true, is-focused=false, is-focusable=false, is-layout-requested=false, is-selected=false, layout-params=androidx.appcompat.widget.ActionBarOverlayLayout$LayoutParams&#64;d6855b3, tag=null, root-is-layout-requested=false, has-input-connection=false, x=0.0, y=168.0, child-count=1}
|
+-----&gt;FrameLayout{id=-1, visibility=VISIBLE, width=1080, height=2000, has-focus=false, has-focusable=true, has-window-focus=true, is-clickable=false, is-enabled=true, is-focused=false, is-focusable=false, is-layout-requested=false, is-selected=false, layout-params=android.widget.FrameLayout$LayoutParams&#64;87aeae9, tag=null, root-is-layout-requested=false, has-input-connection=false, x=0.0, y=0.0, child-count=1}
|
+------&gt;RecyclerView{id=2131230898, res-name=grid_recycler_view, visibility=VISIBLE, width=1080, height=2000, has-focus=false, has-focusable=true, has-window-focus=true, is-clickable=false, is-enabled=true, is-focused=false, is-focusable=true, is-layout-requested=false, is-selected=false, layout-params=android.widget.FrameLayout$LayoutParams&#64;91f336e, tag=null, root-is-layout-requested=false, has-input-connection=false, x=0.0, y=0.0, child-count=0}
|
+----&gt;ActionBarContainer{id=2131230771, res-name=action_bar_container, visibility=VISIBLE, width=1080, height=168, has-focus=false, has-focusable=false, has-window-focus=true, is-clickable=false, is-enabled=true, is-focused=false, is-focusable=false, is-layout-requested=false, is-selected=false, layout-params=androidx.appcompat.widget.ActionBarOverlayLayout$LayoutParams&#64;8e4ca5, tag=null, root-is-layout-requested=false, has-input-connection=false, x=0.0, y=0.0, child-count=2}
|
+-----&gt;Toolbar{id=2131230769, res-name=action_bar, visibility=VISIBLE, width=1080, height=168, has-focus=false, has-focusable=false, has-window-focus=true, is-clickable=false, is-enabled=true, is-focused=false, is-focusable=false, is-layout-requested=false, is-selected=false, layout-params=android.widget.FrameLayout$LayoutParams&#64;9bc0e21, tag=null, root-is-layout-requested=false, has-input-connection=false, x=0.0, y=0.0, child-count=3}
|
+------&gt;AppCompatTextView{id=-1, visibility=VISIBLE, width=240, height=81, has-focus=false, has-focusable=false, has-window-focus=true, is-clickable=false, is-enabled=true, is-focused=false, is-focusable=false, is-layout-requested=false, is-selected=false, layout-params=androidx.appcompat.widget.Toolbar$LayoutParams&#64;fe64246, tag=null, root-is-layout-requested=false, has-input-connection=false, x=216.0, y=43.0, text=Dogglers, input-type=0, ime-target=false, has-links=false}
|
+------&gt;AppCompatImageButton{id=-1, desc=Navegar para cima, visibility=VISIBLE, width=168, height=168, has-focus=false, has-focusable=false, has-window-focus=true, is-clickable=true, is-enabled=true, is-focused=false, is-focusable=true, is-layout-requested=false, is-selected=false, layout-params=androidx.appcompat.widget.Toolbar$LayoutParams&#64;55fbc07, tag=null, root-is-layout-requested=false, has-input-connection=false, x=0.0, y=0.0}
|
+------&gt;ActionMenuView{id=-1, visibility=VISIBLE, width=0, height=168, has-focus=false, has-focusable=false, has-window-focus=true, is-clickable=false, is-enabled=true, is-focused=false, is-focusable=false, is-layout-requested=false, is-selected=false, layout-params=androidx.appcompat.widget.Toolbar$LayoutParams&#64;9776134, tag=null, root-is-layout-requested=false, has-input-connection=false, x=1080.0, y=0.0, child-count=0}
|
+-----&gt;ActionBarContextView{id=2131230777, res-name=action_context_bar, visibility=GONE, width=0, height=0, has-focus=false, has-focusable=false, has-window-focus=true, is-clickable=false, is-enabled=true, is-focused=false, is-focusable=false, is-layout-requested=true, is-selected=false, layout-params=android.widget.FrameLayout$LayoutParams&#64;9aa6b5d, tag=null, root-is-layout-requested=false, has-input-connection=false, x=0.0, y=0.0, child-count=0}
|
+-&gt;View{id=16908336, res-name=navigationBarBackground, visibility=VISIBLE, width=1080, height=144, has-focus=false, has-focusable=false, has-window-focus=true, is-clickable=false, is-enabled=true, is-focused=false, is-focusable=false, is-layout-requested=false, is-selected=false, layout-params=android.widget.FrameLayout$LayoutParams&#64;1343cd2, tag=null, root-is-layout-requested=false, has-input-connection=false, x=0.0, y=2256.0}
|
+-&gt;View{id=16908335, res-name=statusBarBackground, visibility=VISIBLE, width=1080, height=88, has-focus=false, has-focusable=false, has-window-focus=true, is-clickable=false, is-enabled=true, is-focused=false, is-focusable=false, is-layout-requested=false, is-selected=false, layout-params=android.widget.FrameLayout$LayoutParams&#64;a3211a3, tag=null, root-is-layout-requested=false, has-input-connection=false, x=0.0, y=0.0}
|
at dalvik.system.VMStack.getThreadStackTrace(Native Method)
at java.lang.Thread.getStackTrace(Thread.java:1736)
at androidx.test.espresso.base.DefaultFailureHandler.getUserFriendlyError(DefaultFailureHandler.java:16)
at androidx.test.espresso.base.DefaultFailureHandler.handle(DefaultFailureHandler.java:36)
at androidx.test.espresso.ViewInteraction.waitForAndHandleInteractionResults(ViewInteraction.java:106)
at androidx.test.espresso.ViewInteraction.check(ViewInteraction.java:31)
at com.example.dogglers.GridListTests.vertical_scrolling(GridListTests.kt:61)
at java.lang.reflect.Method.invoke(Native Method)
at org.junit.runners.model.FrameworkMethod$1.runReflectiveCall(FrameworkMethod.java:50)
at org.junit.internal.runners.model.ReflectiveCallable.run(ReflectiveCallable.java:12)
at org.junit.runners.model.FrameworkMethod.invokeExplosively(FrameworkMethod.java:47)
at org.junit.internal.runners.statements.InvokeMethod.evaluate(InvokeMethod.java:17)
at org.junit.rules.ExternalResource$1.evaluate(ExternalResource.java:48)
at org.junit.rules.RunRules.evaluate(RunRules.java:20)
at org.junit.runners.ParentRunner.runLeaf(ParentRunner.java:325)
at org.junit.runners.BlockJUnit4ClassRunner.runChild(BlockJUnit4ClassRunner.java:78)
at org.junit.runners.BlockJUnit4ClassRunner.runChild(BlockJUnit4ClassRunner.java:57)
at org.junit.runners.ParentRunner$3.run(ParentRunner.java:290)
at org.junit.runners.ParentRunner$1.schedule(ParentRunner.java:71)
at org.junit.runners.ParentRunner.runChildren(ParentRunner.java:288)
at org.junit.runners.ParentRunner.access$000(ParentRunner.java:58)
at org.junit.runners.ParentRunner$2.evaluate(ParentRunner.java:268)
at org.junit.runners.ParentRunner.run(ParentRunner.java:363)
at androidx.test.ext.junit.runners.AndroidJUnit4.run(AndroidJUnit4.java:154)
at org.junit.runners.Suite.runChild(Suite.java:128)
at org.junit.runners.Suite.runChild(Suite.java:27)
at org.junit.runners.ParentRunner$3.run(ParentRunner.java:290)
at org.junit.runners.ParentRunner$1.schedule(ParentRunner.java:71)
at org.junit.runners.ParentRunner.runChildren(ParentRunner.java:288)
at org.junit.runners.ParentRunner.access$000(ParentRunner.java:58)
at org.junit.runners.ParentRunner$2.evaluate(ParentRunner.java:268)
at org.junit.runners.ParentRunner.run(ParentRunner.java:363)
at org.junit.runner.JUnitCore.run(JUnitCore.java:137)
at org.junit.runner.JUnitCore.run(JUnitCore.java:115)
at androidx.test.internal.runner.TestExecutor.execute(TestExecutor.java:56)
at androidx.test.runner.AndroidJUnitRunner.onStart(AndroidJUnitRunner.java:395)
at android.app.Instrumentation$InstrumentationThread.run(Instrumentation.java:2218)</failure>
  </testcase>
  <testcase name="grid_list_content_at_last_position" classname="com.example.dogglers.GridListTests" time="0.766">
    <failure>androidx.test.espresso.NoMatchingViewException: No views in hierarchy found matching: with text: is "Bella"

View Hierarchy:
+&gt;DecorView{id=-1, visibility=VISIBLE, width=1080, height=2400, has-focus=false, has-focusable=true, has-window-focus=true, is-clickable=false, is-enabled=true, is-focused=false, is-focusable=false, is-layout-requested=false, is-selected=false, layout-params={(0,0)(fillxfill) ty=BASE_APPLICATION wanim=0x1030304
fl=81810100
pfl=10020000
fitSides= naviIconColor=0}, tag=null, root-is-layout-requested=false, has-input-connection=false, x=0.0, y=0.0, child-count=3}
|
+-&gt;LinearLayout{id=-1, visibility=VISIBLE, width=1080, height=2256, has-focus=false, has-focusable=true, has-window-focus=true, is-clickable=false, is-enabled=true, is-focused=false, is-focusable=false, is-layout-requested=false, is-selected=false, layout-params=android.widget.FrameLayout$LayoutParams&#64;5197aea, tag=null, root-is-layout-requested=false, has-input-connection=false, x=0.0, y=0.0, child-count=2}
|
+--&gt;ViewStub{id=16908721, res-name=action_mode_bar_stub, visibility=GONE, width=0, height=0, has-focus=false, has-focusable=false, has-window-focus=true, is-clickable=false, is-enabled=true, is-focused=false, is-focusable=false, is-layout-requested=true, is-selected=false, layout-params=android.widget.LinearLayout$LayoutParams&#64;a48d1db, tag=null, root-is-layout-requested=false, has-input-connection=false, x=0.0, y=0.0}
|
+--&gt;FrameLayout{id=-1, visibility=VISIBLE, width=1080, height=2168, has-focus=false, has-focusable=true, has-window-focus=true, is-clickable=false, is-enabled=true, is-focused=false, is-focusable=false, is-layout-requested=false, is-selected=false, layout-params=android.widget.LinearLayout$LayoutParams&#64;c8de751, tag=null, root-is-layout-requested=false, has-input-connection=false, x=0.0, y=88.0, child-count=1}
|
+---&gt;ActionBarOverlayLayout{id=2131230845, res-name=decor_content_parent, visibility=VISIBLE, width=1080, height=2168, has-focus=false, has-focusable=true, has-window-focus=true, is-clickable=false, is-enabled=true, is-focused=false, is-focusable=false, is-layout-requested=false, is-selected=false, layout-params=android.widget.FrameLayout$LayoutParams&#64;fc53024, tag=null, root-is-layout-requested=false, has-input-connection=false, x=0.0, y=0.0, child-count=2}
|
+----&gt;ContentFrameLayout{id=16908290, res-name=content, visibility=VISIBLE, width=1080, height=2000, has-focus=false, has-focusable=true, has-window-focus=true, is-clickable=false, is-enabled=true, is-focused=false, is-focusable=false, is-layout-requested=false, is-selected=false, layout-params=androidx.appcompat.widget.ActionBarOverlayLayout$LayoutParams&#64;97a7d42, tag=null, root-is-layout-requested=false, has-input-connection=false, x=0.0, y=168.0, child-count=1}
|
+-----&gt;FrameLayout{id=-1, visibility=VISIBLE, width=1080, height=2000, has-focus=false, has-focusable=true, has-window-focus=true, is-clickable=false, is-enabled=true, is-focused=false, is-focusable=false, is-layout-requested=false, is-selected=false, layout-params=android.widget.FrameLayout$LayoutParams&#64;e372a90, tag=null, root-is-layout-requested=false, has-input-connection=false, x=0.0, y=0.0, child-count=1}
|
+------&gt;RecyclerView{id=2131230898, res-name=grid_recycler_view, visibility=VISIBLE, width=1080, height=2000, has-focus=false, has-focusable=true, has-window-focus=true, is-clickable=false, is-enabled=true, is-focused=false, is-focusable=true, is-layout-requested=false, is-selected=false, layout-params=android.widget.FrameLayout$LayoutParams&#64;7d52f89, tag=null, root-is-layout-requested=false, has-input-connection=false, x=0.0, y=0.0, child-count=0}
|
+----&gt;ActionBarContainer{id=2131230771, res-name=action_bar_container, visibility=VISIBLE, width=1080, height=168, has-focus=false, has-focusable=false, has-window-focus=true, is-clickable=false, is-enabled=true, is-focused=false, is-focusable=false, is-layout-requested=false, is-selected=false, layout-params=androidx.appcompat.widget.ActionBarOverlayLayout$LayoutParams&#64;58c5fbc, tag=null, root-is-layout-requested=false, has-input-connection=false, x=0.0, y=0.0, child-count=2}
|
+-----&gt;Toolbar{id=2131230769, res-name=action_bar, visibility=VISIBLE, width=1080, height=168, has-focus=false, has-focusable=false, has-window-focus=true, is-clickable=false, is-enabled=true, is-focused=false, is-focusable=false, is-layout-requested=false, is-selected=false, layout-params=android.widget.FrameLayout$LayoutParams&#64;e9dbba8, tag=null, root-is-layout-requested=false, has-input-connection=false, x=0.0, y=0.0, child-count=3}
|
+------&gt;AppCompatTextView{id=-1, visibility=VISIBLE, width=240, height=81, has-focus=false, has-focusable=false, has-window-focus=true, is-clickable=false, is-enabled=true, is-focused=false, is-focusable=false, is-layout-requested=false, is-selected=false, layout-params=androidx.appcompat.widget.Toolbar$LayoutParams&#64;44646c1, tag=null, root-is-layout-requested=false, has-input-connection=false, x=216.0, y=43.0, text=Dogglers, input-type=0, ime-target=false, has-links=false}
|
+------&gt;AppCompatImageButton{id=-1, desc=Navegar para cima, visibility=VISIBLE, width=168, height=168, has-focus=false, has-focusable=false, has-window-focus=true, is-clickable=true, is-enabled=true, is-focused=false, is-focusable=true, is-layout-requested=false, is-selected=false, layout-params=androidx.appcompat.widget.Toolbar$LayoutParams&#64;5c11e66, tag=null, root-is-layout-requested=false, has-input-connection=false, x=0.0, y=0.0}
|
+------&gt;ActionMenuView{id=-1, visibility=VISIBLE, width=0, height=168, has-focus=false, has-focusable=false, has-window-focus=true, is-clickable=false, is-enabled=true, is-focused=false, is-focusable=false, is-layout-requested=false, is-selected=false, layout-params=androidx.appcompat.widget.Toolbar$LayoutParams&#64;36135a7, tag=null, root-is-layout-requested=false, has-input-connection=false, x=1080.0, y=0.0, child-count=0}
|
+-----&gt;ActionBarContextView{id=2131230777, res-name=action_context_bar, visibility=GONE, width=0, height=0, has-focus=false, has-focusable=false, has-window-focus=true, is-clickable=false, is-enabled=true, is-focused=false, is-focusable=false, is-layout-requested=true, is-selected=false, layout-params=android.widget.FrameLayout$LayoutParams&#64;4e6ea54, tag=null, root-is-layout-requested=false, has-input-connection=false, x=0.0, y=0.0, child-count=0}
|
+-&gt;View{id=16908336, res-name=navigationBarBackground, visibility=VISIBLE, width=1080, height=144, has-focus=false, has-focusable=false, has-window-focus=true, is-clickable=false, is-enabled=true, is-focused=false, is-focusable=false, is-layout-requested=false, is-selected=false, layout-params=android.widget.FrameLayout$LayoutParams&#64;2af8dfd, tag=null, root-is-layout-requested=false, has-input-connection=false, x=0.0, y=2256.0}
|
+-&gt;View{id=16908335, res-name=statusBarBackground, visibility=VISIBLE, width=1080, height=88, has-focus=false, has-focusable=false, has-window-focus=true, is-clickable=false, is-enabled=true, is-focused=false, is-focusable=false, is-layout-requested=false, is-selected=false, layout-params=android.widget.FrameLayout$LayoutParams&#64;b0baf2, tag=null, root-is-layout-requested=false, has-input-connection=false, x=0.0, y=0.0}
|
at dalvik.system.VMStack.getThreadStackTrace(Native Method)
at java.lang.Thread.getStackTrace(Thread.java:1736)
at androidx.test.espresso.base.DefaultFailureHandler.getUserFriendlyError(DefaultFailureHandler.java:16)
at androidx.test.espresso.base.DefaultFailureHandler.handle(DefaultFailureHandler.java:36)
at androidx.test.espresso.ViewInteraction.waitForAndHandleInteractionResults(ViewInteraction.java:106)
at androidx.test.espresso.ViewInteraction.check(ViewInteraction.java:31)
at com.example.dogglers.GridListTests.grid_list_content_at_last_position(GridListTests.kt:54)
at java.lang.reflect.Method.invoke(Native Method)
at org.junit.runners.model.FrameworkMethod$1.runReflectiveCall(FrameworkMethod.java:50)
at org.junit.internal.runners.model.ReflectiveCallable.run(ReflectiveCallable.java:12)
at org.junit.runners.model.FrameworkMethod.invokeExplosively(FrameworkMethod.java:47)
at org.junit.internal.runners.statements.InvokeMethod.evaluate(InvokeMethod.java:17)
at org.junit.rules.ExternalResource$1.evaluate(ExternalResource.java:48)
at org.junit.rules.RunRules.evaluate(RunRules.java:20)
at org.junit.runners.ParentRunner.runLeaf(ParentRunner.java:325)
at org.junit.runners.BlockJUnit4ClassRunner.runChild(BlockJUnit4ClassRunner.java:78)
at org.junit.runners.BlockJUnit4ClassRunner.runChild(BlockJUnit4ClassRunner.java:57)
at org.junit.runners.ParentRunner$3.run(ParentRunner.java:290)
at org.junit.runners.ParentRunner$1.schedule(ParentRunner.java:71)
at org.junit.runners.ParentRunner.runChildren(ParentRunner.java:288)
at org.junit.runners.ParentRunner.access$000(ParentRunner.java:58)
at org.junit.runners.ParentRunner$2.evaluate(ParentRunner.java:268)
at org.junit.runners.ParentRunner.run(ParentRunner.java:363)
at androidx.test.ext.junit.runners.AndroidJUnit4.run(AndroidJUnit4.java:154)
at org.junit.runners.Suite.runChild(Suite.java:128)
at org.junit.runners.Suite.runChild(Suite.java:27)
at org.junit.runners.ParentRunner$3.run(ParentRunner.java:290)
at org.junit.runners.ParentRunner$1.schedule(ParentRunner.java:71)
at org.junit.runners.ParentRunner.runChildren(ParentRunner.java:288)
at org.junit.runners.ParentRunner.access$000(ParentRunner.java:58)
at org.junit.runners.ParentRunner$2.evaluate(ParentRunner.java:268)
at org.junit.runners.ParentRunner.run(ParentRunner.java:363)
at org.junit.runner.JUnitCore.run(JUnitCore.java:137)
at org.junit.runner.JUnitCore.run(JUnitCore.java:115)
at androidx.test.internal.runner.TestExecutor.execute(TestExecutor.java:56)
at androidx.test.runner.AndroidJUnitRunner.onStart(AndroidJUnitRunner.java:395)
at android.app.Instrumentation$InstrumentationThread.run(Instrumentation.java:2218)</failure>
  </testcase>
  <testcase name="grid_list_content_at_first_position" classname="com.example.dogglers.GridListTests" time="0.363">
    <failure>androidx.test.espresso.NoMatchingViewException: No views in hierarchy found matching: with text: is "Tzeitel"

View Hierarchy:
+&gt;DecorView{id=-1, visibility=VISIBLE, width=1080, height=2400, has-focus=false, has-focusable=true, has-window-focus=true, is-clickable=false, is-enabled=true, is-focused=false, is-focusable=false, is-layout-requested=false, is-selected=false, layout-params={(0,0)(fillxfill) ty=BASE_APPLICATION wanim=0x1030304
fl=81810100
pfl=10020000
fitSides= naviIconColor=0}, tag=null, root-is-layout-requested=false, has-input-connection=false, x=0.0, y=0.0, child-count=3}
|
+-&gt;LinearLayout{id=-1, visibility=VISIBLE, width=1080, height=2256, has-focus=false, has-focusable=true, has-window-focus=true, is-clickable=false, is-enabled=true, is-focused=false, is-focusable=false, is-layout-requested=false, is-selected=false, layout-params=android.widget.FrameLayout$LayoutParams&#64;98eaefe, tag=null, root-is-layout-requested=false, has-input-connection=false, x=0.0, y=0.0, child-count=2}
|
+--&gt;ViewStub{id=16908721, res-name=action_mode_bar_stub, visibility=GONE, width=0, height=0, has-focus=false, has-focusable=false, has-window-focus=true, is-clickable=false, is-enabled=true, is-focused=false, is-focusable=false, is-layout-requested=true, is-selected=false, layout-params=android.widget.LinearLayout$LayoutParams&#64;186165f, tag=null, root-is-layout-requested=false, has-input-connection=false, x=0.0, y=0.0}
|
+--&gt;FrameLayout{id=-1, visibility=VISIBLE, width=1080, height=2168, has-focus=false, has-focusable=true, has-window-focus=true, is-clickable=false, is-enabled=true, is-focused=false, is-focusable=false, is-layout-requested=false, is-selected=false, layout-params=android.widget.LinearLayout$LayoutParams&#64;36e6975, tag=null, root-is-layout-requested=false, has-input-connection=false, x=0.0, y=88.0, child-count=1}
|
+---&gt;ActionBarOverlayLayout{id=2131230845, res-name=decor_content_parent, visibility=VISIBLE, width=1080, height=2168, has-focus=false, has-focusable=true, has-window-focus=true, is-clickable=false, is-enabled=true, is-focused=false, is-focusable=false, is-layout-requested=false, is-selected=false, layout-params=android.widget.FrameLayout$LayoutParams&#64;7a7a398, tag=null, root-is-layout-requested=false, has-input-connection=false, x=0.0, y=0.0, child-count=2}
|
+----&gt;ContentFrameLayout{id=16908290, res-name=content, visibility=VISIBLE, width=1080, height=2000, has-focus=false, has-focusable=true, has-window-focus=true, is-clickable=false, is-enabled=true, is-focused=false, is-focusable=false, is-layout-requested=false, is-selected=false, layout-params=androidx.appcompat.widget.ActionBarOverlayLayout$LayoutParams&#64;6379fd6, tag=null, root-is-layout-requested=false, has-input-connection=false, x=0.0, y=168.0, child-count=1}
|
+-----&gt;FrameLayout{id=-1, visibility=VISIBLE, width=1080, height=2000, has-focus=false, has-focusable=true, has-window-focus=true, is-clickable=false, is-enabled=true, is-focused=false, is-focusable=false, is-layout-requested=false, is-selected=false, layout-params=android.widget.FrameLayout$LayoutParams&#64;83f6144, tag=null, root-is-layout-requested=false, has-input-connection=false, x=0.0, y=0.0, child-count=1}
|
+------&gt;RecyclerView{id=2131230898, res-name=grid_recycler_view, visibility=VISIBLE, width=1080, height=2000, has-focus=false, has-focusable=true, has-window-focus=true, is-clickable=false, is-enabled=true, is-focused=false, is-focusable=true, is-layout-requested=false, is-selected=false, layout-params=android.widget.FrameLayout$LayoutParams&#64;137522d, tag=null, root-is-layout-requested=false, has-input-connection=false, x=0.0, y=0.0, child-count=0}
|
+----&gt;ActionBarContainer{id=2131230771, res-name=action_bar_container, visibility=VISIBLE, width=1080, height=168, has-focus=false, has-focusable=false, has-window-focus=true, is-clickable=false, is-enabled=true, is-focused=false, is-focusable=false, is-layout-requested=false, is-selected=false, layout-params=androidx.appcompat.widget.ActionBarOverlayLayout$LayoutParams&#64;3734db0, tag=null, root-is-layout-requested=false, has-input-connection=false, x=0.0, y=0.0, child-count=2}
|
+-----&gt;Toolbar{id=2131230769, res-name=action_bar, visibility=VISIBLE, width=1080, height=168, has-focus=false, has-focusable=false, has-window-focus=true, is-clickable=false, is-enabled=true, is-focused=false, is-focusable=false, is-layout-requested=false, is-selected=false, layout-params=android.widget.FrameLayout$LayoutParams&#64;6b794dc, tag=null, root-is-layout-requested=false, has-input-connection=false, x=0.0, y=0.0, child-count=3}
|
+------&gt;AppCompatTextView{id=-1, visibility=VISIBLE, width=240, height=81, has-focus=false, has-focusable=false, has-window-focus=true, is-clickable=false, is-enabled=true, is-focused=false, is-focusable=false, is-layout-requested=false, is-selected=false, layout-params=androidx.appcompat.widget.Toolbar$LayoutParams&#64;9ad99e5, tag=null, root-is-layout-requested=false, has-input-connection=false, x=216.0, y=43.0, text=Dogglers, input-type=0, ime-target=false, has-links=false}
|
+------&gt;AppCompatImageButton{id=-1, desc=Navegar para cima, visibility=VISIBLE, width=168, height=168, has-focus=false, has-focusable=false, has-window-focus=true, is-clickable=true, is-enabled=true, is-focused=false, is-focusable=true, is-layout-requested=false, is-selected=false, layout-params=androidx.appcompat.widget.Toolbar$LayoutParams&#64;fec7cba, tag=null, root-is-layout-requested=false, has-input-connection=false, x=0.0, y=0.0}
|
+------&gt;ActionMenuView{id=-1, visibility=VISIBLE, width=0, height=168, has-focus=false, has-focusable=false, has-window-focus=true, is-clickable=false, is-enabled=true, is-focused=false, is-focusable=false, is-layout-requested=false, is-selected=false, layout-params=androidx.appcompat.widget.Toolbar$LayoutParams&#64;78df76b, tag=null, root-is-layout-requested=false, has-input-connection=false, x=1080.0, y=0.0, child-count=0}
|
+-----&gt;ActionBarContextView{id=2131230777, res-name=action_context_bar, visibility=GONE, width=0, height=0, has-focus=false, has-focusable=false, has-window-focus=true, is-clickable=false, is-enabled=true, is-focused=false, is-focusable=false, is-layout-requested=true, is-selected=false, layout-params=android.widget.FrameLayout$LayoutParams&#64;9722c8, tag=null, root-is-layout-requested=false, has-input-connection=false, x=0.0, y=0.0, child-count=0}
|
+-&gt;View{id=16908336, res-name=navigationBarBackground, visibility=VISIBLE, width=1080, height=144, has-focus=false, has-focusable=false, has-window-focus=true, is-clickable=false, is-enabled=true, is-focused=false, is-focusable=false, is-layout-requested=false, is-selected=false, layout-params=android.widget.FrameLayout$LayoutParams&#64;ba2ef61, tag=null, root-is-layout-requested=false, has-input-connection=false, x=0.0, y=2256.0}
|
+-&gt;View{id=16908335, res-name=statusBarBackground, visibility=VISIBLE, width=1080, height=88, has-focus=false, has-focusable=false, has-window-focus=true, is-clickable=false, is-enabled=true, is-focused=false, is-focusable=false, is-layout-requested=false, is-selected=false, layout-params=android.widget.FrameLayout$LayoutParams&#64;f55aa86, tag=null, root-is-layout-requested=false, has-input-connection=false, x=0.0, y=0.0}
|
at dalvik.system.VMStack.getThreadStackTrace(Native Method)
at java.lang.Thread.getStackTrace(Thread.java:1736)
at androidx.test.espresso.base.DefaultFailureHandler.getUserFriendlyError(DefaultFailureHandler.java:16)
at androidx.test.espresso.base.DefaultFailureHandler.handle(DefaultFailureHandler.java:36)
at androidx.test.espresso.ViewInteraction.waitForAndHandleInteractionResults(ViewInteraction.java:106)
at androidx.test.espresso.ViewInteraction.check(ViewInteraction.java:31)
at com.example.dogglers.BaseTest.hasListItemContent(BaseTest.kt:57)
at com.example.dogglers.BaseTest.checkFirstPosition(BaseTest.kt:70)
at com.example.dogglers.GridListTests.grid_list_content_at_first_position(GridListTests.kt:42)
at java.lang.reflect.Method.invoke(Native Method)
at org.junit.runners.model.FrameworkMethod$1.runReflectiveCall(FrameworkMethod.java:50)
at org.junit.internal.runners.model.ReflectiveCallable.run(ReflectiveCallable.java:12)
at org.junit.runners.model.FrameworkMethod.invokeExplosively(FrameworkMethod.java:47)
at org.junit.internal.runners.statements.InvokeMethod.evaluate(InvokeMethod.java:17)
at org.junit.rules.ExternalResource$1.evaluate(ExternalResource.java:48)
at org.junit.rules.RunRules.evaluate(RunRules.java:20)
at org.junit.runners.ParentRunner.runLeaf(ParentRunner.java:325)
at org.junit.runners.BlockJUnit4ClassRunner.runChild(BlockJUnit4ClassRunner.java:78)
at org.junit.runners.BlockJUnit4ClassRunner.runChild(BlockJUnit4ClassRunner.java:57)
at org.junit.runners.ParentRunner$3.run(ParentRunner.java:290)
at org.junit.runners.ParentRunner$1.schedule(ParentRunner.java:71)
at org.junit.runners.ParentRunner.runChildren(ParentRunner.java:288)
at org.junit.runners.ParentRunner.access$000(ParentRunner.java:58)
at org.junit.runners.ParentRunner$2.evaluate(ParentRunner.java:268)
at org.junit.runners.ParentRunner.run(ParentRunner.java:363)
at androidx.test.ext.junit.runners.AndroidJUnit4.run(AndroidJUnit4.java:154)
at org.junit.runners.Suite.runChild(Suite.java:128)
at org.junit.runners.Suite.runChild(Suite.java:27)
at org.junit.runners.ParentRunner$3.run(ParentRunner.java:290)
at org.junit.runners.ParentRunner$1.schedule(ParentRunner.java:71)
at org.junit.runners.ParentRunner.runChildren(ParentRunner.java:288)
at org.junit.runners.ParentRunner.access$000(ParentRunner.java:58)
at org.junit.runners.ParentRunner$2.evaluate(ParentRunner.java:268)
at org.junit.runners.ParentRunner.run(ParentRunner.java:363)
at org.junit.runner.JUnitCore.run(JUnitCore.java:137)
at org.junit.runner.JUnitCore.run(JUnitCore.java:115)
at androidx.test.internal.runner.TestExecutor.execute(TestExecutor.java:56)
at androidx.test.runner.AndroidJUnitRunner.onStart(AndroidJUnitRunner.java:395)
at android.app.Instrumentation$InstrumentationThread.run(Instrumentation.java:2218)</failure>
  </testcase>
  <testcase name="recycler_view_item_count" classname="com.example.dogglers.HorizontalListTests" time="0.415">
    <failure>androidx.test.espresso.base.DefaultFailureHandler$AssertionFailedWithCauseError: RecyclerView item count
Expected: &lt;6&gt;
Got: &lt;0&gt;

at dalvik.system.VMStack.getThreadStackTrace(Native Method)
at java.lang.Thread.getStackTrace(Thread.java:1736)
at androidx.test.espresso.base.DefaultFailureHandler.getUserFriendlyError(DefaultFailureHandler.java:16)
at androidx.test.espresso.base.DefaultFailureHandler.handle(DefaultFailureHandler.java:36)
at androidx.test.espresso.ViewInteraction.waitForAndHandleInteractionResults(ViewInteraction.java:103)
at androidx.test.espresso.ViewInteraction.check(ViewInteraction.java:31)
at com.example.dogglers.HorizontalListTests.recycler_view_item_count(HorizontalListTests.kt:61)
at java.lang.reflect.Method.invoke(Native Method)
at org.junit.runners.model.FrameworkMethod$1.runReflectiveCall(FrameworkMethod.java:50)
at org.junit.internal.runners.model.ReflectiveCallable.run(ReflectiveCallable.java:12)
at org.junit.runners.model.FrameworkMethod.invokeExplosively(FrameworkMethod.java:47)
at org.junit.internal.runners.statements.InvokeMethod.evaluate(InvokeMethod.java:17)
at org.junit.rules.ExternalResource$1.evaluate(ExternalResource.java:48)
at org.junit.rules.RunRules.evaluate(RunRules.java:20)
at org.junit.runners.ParentRunner.runLeaf(ParentRunner.java:325)
at org.junit.runners.BlockJUnit4ClassRunner.runChild(BlockJUnit4ClassRunner.java:78)
at org.junit.runners.BlockJUnit4ClassRunner.runChild(BlockJUnit4ClassRunner.java:57)
at org.junit.runners.ParentRunner$3.run(ParentRunner.java:290)
at org.junit.runners.ParentRunner$1.schedule(ParentRunner.java:71)
at org.junit.runners.ParentRunner.runChildren(ParentRunner.java:288)
at org.junit.runners.ParentRunner.access$000(ParentRunner.java:58)
at org.junit.runners.ParentRunner$2.evaluate(ParentRunner.java:268)
at org.junit.runners.ParentRunner.run(ParentRunner.java:363)
at androidx.test.ext.junit.runners.AndroidJUnit4.run(AndroidJUnit4.java:154)
at org.junit.runners.Suite.runChild(Suite.java:128)
at org.junit.runners.Suite.runChild(Suite.java:27)
at org.junit.runners.ParentRunner$3.run(ParentRunner.java:290)
at org.junit.runners.ParentRunner$1.schedule(ParentRunner.java:71)
at org.junit.runners.ParentRunner.runChildren(ParentRunner.java:288)
at org.junit.runners.ParentRunner.access$000(ParentRunner.java:58)
at org.junit.runners.ParentRunner$2.evaluate(ParentRunner.java:268)
at org.junit.runners.ParentRunner.run(ParentRunner.java:363)
at org.junit.runner.JUnitCore.run(JUnitCore.java:137)
at org.junit.runner.JUnitCore.run(JUnitCore.java:115)
at androidx.test.internal.runner.TestExecutor.execute(TestExecutor.java:56)
at androidx.test.runner.AndroidJUnitRunner.onStart(AndroidJUnitRunner.java:395)
at android.app.Instrumentation$InstrumentationThread.run(Instrumentation.java:2218)
Caused by: junit.framework.AssertionFailedError: RecyclerView item count
Expected: &lt;6&gt;
Got: &lt;0&gt;

at androidx.test.espresso.matcher.ViewMatchers.assertThat(ViewMatchers.java:17)
at com.example.dogglers.BaseTest$DrawableMatcher$RecyclerViewAssertion.check(BaseTest.kt:163)
at androidx.test.espresso.ViewInteraction$SingleExecutionViewAssertion.check(ViewInteraction.java:10)
at androidx.test.espresso.ViewInteraction$2.call(ViewInteraction.java:11)
at androidx.test.espresso.ViewInteraction$2.call(ViewInteraction.java:2)
at java.util.concurrent.FutureTask.run(FutureTask.java:266)
at android.os.Handler.handleCallback(Handler.java:938)
at android.os.Handler.dispatchMessage(Handler.java:99)
at android.os.Looper.loop(Looper.java:246)
at android.app.ActivityThread.main(ActivityThread.java:8633)
at java.lang.reflect.Method.invoke(Native Method)
at com.android.internal.os.RuntimeInit$MethodAndArgsCaller.run(RuntimeInit.java:602)
at com.android.internal.os.ZygoteInit.main(ZygoteInit.java:1130)</failure>
  </testcase>
  <testcase name="horizontal_scrolling" classname="com.example.dogglers.HorizontalListTests" time="0.503">
    <failure>androidx.test.espresso.PerformException: Error performing 'fast swipe' on view 'Animations or transitions are enabled on the target device.
For more info check: https://developer.android.com/training/testing/espresso/setup#set-up-environment

with id is &lt;com.example.dogglers:id/horizontal_recycler_view&gt;'.
at androidx.test.espresso.PerformException$Builder.build(PerformException.java:5)
at androidx.test.espresso.base.DefaultFailureHandler.getUserFriendlyError(DefaultFailureHandler.java:25)
at androidx.test.espresso.base.DefaultFailureHandler.handle(DefaultFailureHandler.java:36)
at androidx.test.espresso.ViewInteraction.waitForAndHandleInteractionResults(ViewInteraction.java:106)
at androidx.test.espresso.ViewInteraction.desugaredPerform(ViewInteraction.java:43)
at androidx.test.espresso.ViewInteraction.perform(ViewInteraction.java:94)
at com.example.dogglers.HorizontalListTests.horizontal_scrolling(HorizontalListTests.kt:55)
at java.lang.reflect.Method.invoke(Native Method)
at org.junit.runners.model.FrameworkMethod$1.runReflectiveCall(FrameworkMethod.java:50)
at org.junit.internal.runners.model.ReflectiveCallable.run(ReflectiveCallable.java:12)
at org.junit.runners.model.FrameworkMethod.invokeExplosively(FrameworkMethod.java:47)
at org.junit.internal.runners.statements.InvokeMethod.evaluate(InvokeMethod.java:17)
at org.junit.rules.ExternalResource$1.evaluate(ExternalResource.java:48)
at org.junit.rules.RunRules.evaluate(RunRules.java:20)
at org.junit.runners.ParentRunner.runLeaf(ParentRunner.java:325)
at org.junit.runners.BlockJUnit4ClassRunner.runChild(BlockJUnit4ClassRunner.java:78)
at org.junit.runners.BlockJUnit4ClassRunner.runChild(BlockJUnit4ClassRunner.java:57)
at org.junit.runners.ParentRunner$3.run(ParentRunner.java:290)
at org.junit.runners.ParentRunner$1.schedule(ParentRunner.java:71)
at org.junit.runners.ParentRunner.runChildren(ParentRunner.java:288)
at org.junit.runners.ParentRunner.access$000(ParentRunner.java:58)
at org.junit.runners.ParentRunner$2.evaluate(ParentRunner.java:268)
at org.junit.runners.ParentRunner.run(ParentRunner.java:363)
at androidx.test.ext.junit.runners.AndroidJUnit4.run(AndroidJUnit4.java:154)
at org.junit.runners.Suite.runChild(Suite.java:128)
at org.junit.runners.Suite.runChild(Suite.java:27)
at org.junit.runners.ParentRunner$3.run(ParentRunner.java:290)
at org.junit.runners.ParentRunner$1.schedule(ParentRunner.java:71)
at org.junit.runners.ParentRunner.runChildren(ParentRunner.java:288)
at org.junit.runners.ParentRunner.access$000(ParentRunner.java:58)
at org.junit.runners.ParentRunner$2.evaluate(ParentRunner.java:268)
at org.junit.runners.ParentRunner.run(ParentRunner.java:363)
at org.junit.runner.JUnitCore.run(JUnitCore.java:137)
at org.junit.runner.JUnitCore.run(JUnitCore.java:115)
at androidx.test.internal.runner.TestExecutor.execute(TestExecutor.java:56)
at androidx.test.runner.AndroidJUnitRunner.onStart(AndroidJUnitRunner.java:395)
at android.app.Instrumentation$InstrumentationThread.run(Instrumentation.java:2218)
Caused by: java.lang.RuntimeException: Action will not be performed because the target view does not match one or more of the following constraints:
at least 90 percent of the view's area is displayed to the user.
Target view: "RecyclerView{id=2131230909, res-name=horizontal_recycler_view, visibility=VISIBLE, width=1080, height=0, has-focus=false, has-focusable=true, has-window-focus=true, is-clickable=false, is-enabled=true, is-focused=false, is-focusable=true, is-layout-requested=false, is-selected=false, layout-params=android.widget.FrameLayout$LayoutParams&#64;d7ac692, tag=null, root-is-layout-requested=false, has-input-connection=false, x=0.0, y=1000.0, child-count=0}"
at androidx.test.espresso.ViewInteraction.doPerform(ViewInteraction.java:63)
at androidx.test.espresso.ViewInteraction.access$100(ViewInteraction.java:15)
at androidx.test.espresso.ViewInteraction$1.call(ViewInteraction.java:3)
at androidx.test.espresso.ViewInteraction$1.call(ViewInteraction.java:2)
at java.util.concurrent.FutureTask.run(FutureTask.java:266)
at android.os.Handler.handleCallback(Handler.java:938)
at android.os.Handler.dispatchMessage(Handler.java:99)
at android.os.Looper.loop(Looper.java:246)
at android.app.ActivityThread.main(ActivityThread.java:8633)
at java.lang.reflect.Method.invoke(Native Method)
at com.android.internal.os.RuntimeInit$MethodAndArgsCaller.run(RuntimeInit.java:602)
at com.android.internal.os.ZygoteInit.main(ZygoteInit.java:1130)</failure>
  </testcase>
  <testcase name="horizontal_scroll_content_at_last_position" classname="com.example.dogglers.HorizontalListTests" time="0.406">
    <failure>androidx.test.espresso.PerformException: Error performing 'scroll RecyclerView to position: 5' on view 'Animations or transitions are enabled on the target device.
For more info check: https://developer.android.com/training/testing/espresso/setup#set-up-environment

with id is &lt;com.example.dogglers:id/horizontal_recycler_view&gt;'.
at androidx.test.espresso.PerformException$Builder.build(PerformException.java:5)
at androidx.test.espresso.base.DefaultFailureHandler.getUserFriendlyError(DefaultFailureHandler.java:25)
at androidx.test.espresso.base.DefaultFailureHandler.handle(DefaultFailureHandler.java:36)
at androidx.test.espresso.ViewInteraction.waitForAndHandleInteractionResults(ViewInteraction.java:106)
at androidx.test.espresso.ViewInteraction.desugaredPerform(ViewInteraction.java:43)
at androidx.test.espresso.ViewInteraction.perform(ViewInteraction.java:94)
at com.example.dogglers.HorizontalListTests.horizontal_scroll_content_at_last_position(HorizontalListTests.kt:48)
at java.lang.reflect.Method.invoke(Native Method)
at org.junit.runners.model.FrameworkMethod$1.runReflectiveCall(FrameworkMethod.java:50)
at org.junit.internal.runners.model.ReflectiveCallable.run(ReflectiveCallable.java:12)
at org.junit.runners.model.FrameworkMethod.invokeExplosively(FrameworkMethod.java:47)
at org.junit.internal.runners.statements.InvokeMethod.evaluate(InvokeMethod.java:17)
at org.junit.rules.ExternalResource$1.evaluate(ExternalResource.java:48)
at org.junit.rules.RunRules.evaluate(RunRules.java:20)
at org.junit.runners.ParentRunner.runLeaf(ParentRunner.java:325)
at org.junit.runners.BlockJUnit4ClassRunner.runChild(BlockJUnit4ClassRunner.java:78)
at org.junit.runners.BlockJUnit4ClassRunner.runChild(BlockJUnit4ClassRunner.java:57)
at org.junit.runners.ParentRunner$3.run(ParentRunner.java:290)
at org.junit.runners.ParentRunner$1.schedule(ParentRunner.java:71)
at org.junit.runners.ParentRunner.runChildren(ParentRunner.java:288)
at org.junit.runners.ParentRunner.access$000(ParentRunner.java:58)
at org.junit.runners.ParentRunner$2.evaluate(ParentRunner.java:268)
at org.junit.runners.ParentRunner.run(ParentRunner.java:363)
at androidx.test.ext.junit.runners.AndroidJUnit4.run(AndroidJUnit4.java:154)
at org.junit.runners.Suite.runChild(Suite.java:128)
at org.junit.runners.Suite.runChild(Suite.java:27)
at org.junit.runners.ParentRunner$3.run(ParentRunner.java:290)
at org.junit.runners.ParentRunner$1.schedule(ParentRunner.java:71)
at org.junit.runners.ParentRunner.runChildren(ParentRunner.java:288)
at org.junit.runners.ParentRunner.access$000(ParentRunner.java:58)
at org.junit.runners.ParentRunner$2.evaluate(ParentRunner.java:268)
at org.junit.runners.ParentRunner.run(ParentRunner.java:363)
at org.junit.runner.JUnitCore.run(JUnitCore.java:137)
at org.junit.runner.JUnitCore.run(JUnitCore.java:115)
at androidx.test.internal.runner.TestExecutor.execute(TestExecutor.java:56)
at androidx.test.runner.AndroidJUnitRunner.onStart(AndroidJUnitRunner.java:395)
at android.app.Instrumentation$InstrumentationThread.run(Instrumentation.java:2218)
Caused by: java.lang.RuntimeException: Action will not be performed because the target view does not match one or more of the following constraints:
(is assignable from class: class androidx.recyclerview.widget.RecyclerView and is displayed on the screen to the user)
Target view: "RecyclerView{id=2131230909, res-name=horizontal_recycler_view, visibility=VISIBLE, width=1080, height=0, has-focus=false, has-focusable=true, has-window-focus=true, is-clickable=false, is-enabled=true, is-focused=false, is-focusable=true, is-layout-requested=false, is-selected=false, layout-params=android.widget.FrameLayout$LayoutParams&#64;6fca395, tag=null, root-is-layout-requested=false, has-input-connection=false, x=0.0, y=1000.0, child-count=0}"
at androidx.test.espresso.ViewInteraction.doPerform(ViewInteraction.java:63)
at androidx.test.espresso.ViewInteraction.access$100(ViewInteraction.java:15)
at androidx.test.espresso.ViewInteraction$1.call(ViewInteraction.java:3)
at androidx.test.espresso.ViewInteraction$1.call(ViewInteraction.java:2)
at java.util.concurrent.FutureTask.run(FutureTask.java:266)
at android.os.Handler.handleCallback(Handler.java:938)
at android.os.Handler.dispatchMessage(Handler.java:99)
at android.os.Looper.loop(Looper.java:246)
at android.app.ActivityThread.main(ActivityThread.java:8633)
at java.lang.reflect.Method.invoke(Native Method)
at com.android.internal.os.RuntimeInit$MethodAndArgsCaller.run(RuntimeInit.java:602)
at com.android.internal.os.ZygoteInit.main(ZygoteInit.java:1130)</failure>
  </testcase>
  <testcase name="horizontal_scroll_content_at_first_position" classname="com.example.dogglers.HorizontalListTests" time="0.988">
    <failure>androidx.test.espresso.NoMatchingViewException: No views in hierarchy found matching: with text: is "Tzeitel"

View Hierarchy:
+&gt;DecorView{id=-1, visibility=VISIBLE, width=1080, height=2400, has-focus=false, has-focusable=true, has-window-focus=true, is-clickable=false, is-enabled=true, is-focused=false, is-focusable=false, is-layout-requested=false, is-selected=false, layout-params={(0,0)(fillxfill) ty=BASE_APPLICATION wanim=0x1030304
fl=81810100
pfl=10020000
fitSides= naviIconColor=0}, tag=null, root-is-layout-requested=false, has-input-connection=false, x=0.0, y=0.0, child-count=3}
|
+-&gt;LinearLayout{id=-1, visibility=VISIBLE, width=1080, height=2256, has-focus=false, has-focusable=true, has-window-focus=true, is-clickable=false, is-enabled=true, is-focused=false, is-focusable=false, is-layout-requested=false, is-selected=false, layout-params=android.widget.FrameLayout$LayoutParams&#64;c2d14a4, tag=null, root-is-layout-requested=false, has-input-connection=false, x=0.0, y=0.0, child-count=2}
|
+--&gt;ViewStub{id=16908721, res-name=action_mode_bar_stub, visibility=GONE, width=0, height=0, has-focus=false, has-focusable=false, has-window-focus=true, is-clickable=false, is-enabled=true, is-focused=false, is-focusable=false, is-layout-requested=true, is-selected=false, layout-params=android.widget.LinearLayout$LayoutParams&#64;653f20d, tag=null, root-is-layout-requested=false, has-input-connection=false, x=0.0, y=0.0}
|
+--&gt;FrameLayout{id=-1, visibility=VISIBLE, width=1080, height=2168, has-focus=false, has-focusable=true, has-window-focus=true, is-clickable=false, is-enabled=true, is-focused=false, is-focusable=false, is-layout-requested=false, is-selected=false, layout-params=android.widget.LinearLayout$LayoutParams&#64;2202fd3, tag=null, root-is-layout-requested=false, has-input-connection=false, x=0.0, y=88.0, child-count=1}
|
+---&gt;ActionBarOverlayLayout{id=2131230845, res-name=decor_content_parent, visibility=VISIBLE, width=1080, height=2168, has-focus=false, has-focusable=true, has-window-focus=true, is-clickable=false, is-enabled=true, is-focused=false, is-focusable=false, is-layout-requested=false, is-selected=false, layout-params=android.widget.FrameLayout$LayoutParams&#64;4ebec0e, tag=null, root-is-layout-requested=false, has-input-connection=false, x=0.0, y=0.0, child-count=2}
|
+----&gt;ContentFrameLayout{id=16908290, res-name=content, visibility=VISIBLE, width=1080, height=2000, has-focus=false, has-focusable=true, has-window-focus=true, is-clickable=false, is-enabled=true, is-focused=false, is-focusable=false, is-layout-requested=false, is-selected=false, layout-params=androidx.appcompat.widget.ActionBarOverlayLayout$LayoutParams&#64;17c543c, tag=null, root-is-layout-requested=false, has-input-connection=false, x=0.0, y=168.0, child-count=1}
|
+-----&gt;FrameLayout{id=-1, visibility=VISIBLE, width=1080, height=2000, has-focus=false, has-focusable=true, has-window-focus=true, is-clickable=false, is-enabled=true, is-focused=false, is-focusable=false, is-layout-requested=false, is-selected=false, layout-params=android.widget.FrameLayout$LayoutParams&#64;7ebb1a, tag=null, root-is-layout-requested=false, has-input-connection=false, x=0.0, y=0.0, child-count=1}
|
+------&gt;RecyclerView{id=2131230909, res-name=horizontal_recycler_view, visibility=VISIBLE, width=1080, height=0, has-focus=false, has-focusable=true, has-window-focus=true, is-clickable=false, is-enabled=true, is-focused=false, is-focusable=true, is-layout-requested=false, is-selected=false, layout-params=android.widget.FrameLayout$LayoutParams&#64;313c64b, tag=null, root-is-layout-requested=false, has-input-connection=false, x=0.0, y=1000.0, child-count=0}
|
+----&gt;ActionBarContainer{id=2131230771, res-name=action_bar_container, visibility=VISIBLE, width=1080, height=168, has-focus=false, has-focusable=false, has-window-focus=true, is-clickable=false, is-enabled=true, is-focused=false, is-focusable=false, is-layout-requested=false, is-selected=false, layout-params=androidx.appcompat.widget.ActionBarOverlayLayout$LayoutParams&#64;c3d6ee6, tag=null, root-is-layout-requested=false, has-input-connection=false, x=0.0, y=0.0, child-count=2}
|
+-----&gt;Toolbar{id=2131230769, res-name=action_bar, visibility=VISIBLE, width=1080, height=168, has-focus=false, has-focusable=false, has-window-focus=true, is-clickable=false, is-enabled=true, is-focused=false, is-focusable=false, is-layout-requested=false, is-selected=false, layout-params=android.widget.FrameLayout$LayoutParams&#64;de19372, tag=null, root-is-layout-requested=false, has-input-connection=false, x=0.0, y=0.0, child-count=3}
|
+------&gt;AppCompatTextView{id=-1, visibility=VISIBLE, width=240, height=81, has-focus=false, has-focusable=false, has-window-focus=true, is-clickable=false, is-enabled=true, is-focused=false, is-focusable=false, is-layout-requested=false, is-selected=false, layout-params=androidx.appcompat.widget.Toolbar$LayoutParams&#64;24b3c3, tag=null, root-is-layout-requested=false, has-input-connection=false, x=216.0, y=43.0, text=Dogglers, input-type=0, ime-target=false, has-links=false}
|
+------&gt;AppCompatImageButton{id=-1, desc=Navegar para cima, visibility=VISIBLE, width=168, height=168, has-focus=false, has-focusable=false, has-window-focus=true, is-clickable=true, is-enabled=true, is-focused=false, is-focusable=true, is-layout-requested=false, is-selected=false, layout-params=androidx.appcompat.widget.Toolbar$LayoutParams&#64;a382440, tag=null, root-is-layout-requested=false, has-input-connection=false, x=0.0, y=0.0}
|
+------&gt;ActionMenuView{id=-1, visibility=VISIBLE, width=0, height=168, has-focus=false, has-focusable=false, has-window-focus=true, is-clickable=false, is-enabled=true, is-focused=false, is-focusable=false, is-layout-requested=false, is-selected=false, layout-params=androidx.appcompat.widget.Toolbar$LayoutParams&#64;e731f79, tag=null, root-is-layout-requested=false, has-input-connection=false, x=1080.0, y=0.0, child-count=0}
|
+-----&gt;ActionBarContextView{id=2131230777, res-name=action_context_bar, visibility=GONE, width=0, height=0, has-focus=false, has-focusable=false, has-window-focus=true, is-clickable=false, is-enabled=true, is-focused=false, is-focusable=false, is-layout-requested=true, is-selected=false, layout-params=android.widget.FrameLayout$LayoutParams&#64;b3174be, tag=null, root-is-layout-requested=false, has-input-connection=false, x=0.0, y=0.0, child-count=0}
|
+-&gt;View{id=16908336, res-name=navigationBarBackground, visibility=VISIBLE, width=1080, height=144, has-focus=false, has-focusable=false, has-window-focus=true, is-clickable=false, is-enabled=true, is-focused=false, is-focusable=false, is-layout-requested=false, is-selected=false, layout-params=android.widget.FrameLayout$LayoutParams&#64;e94c91f, tag=null, root-is-layout-requested=false, has-input-connection=false, x=0.0, y=2256.0}
|
+-&gt;View{id=16908335, res-name=statusBarBackground, visibility=VISIBLE, width=1080, height=88, has-focus=false, has-focusable=false, has-window-focus=true, is-clickable=false, is-enabled=true, is-focused=false, is-focusable=false, is-layout-requested=false, is-selected=false, layout-params=android.widget.FrameLayout$LayoutParams&#64;79b446c, tag=null, root-is-layout-requested=false, has-input-connection=false, x=0.0, y=0.0}
|
at dalvik.system.VMStack.getThreadStackTrace(Native Method)
at java.lang.Thread.getStackTrace(Thread.java:1736)
at androidx.test.espresso.base.DefaultFailureHandler.getUserFriendlyError(DefaultFailureHandler.java:16)
at androidx.test.espresso.base.DefaultFailureHandler.handle(DefaultFailureHandler.java:36)
at androidx.test.espresso.ViewInteraction.waitForAndHandleInteractionResults(ViewInteraction.java:106)
at androidx.test.espresso.ViewInteraction.check(ViewInteraction.java:31)
at com.example.dogglers.BaseTest.hasListItemContent(BaseTest.kt:57)
at com.example.dogglers.BaseTest.checkFirstPosition(BaseTest.kt:70)
at com.example.dogglers.HorizontalListTests.horizontal_scroll_content_at_first_position(HorizontalListTests.kt:42)
at java.lang.reflect.Method.invoke(Native Method)
at org.junit.runners.model.FrameworkMethod$1.runReflectiveCall(FrameworkMethod.java:50)
at org.junit.internal.runners.model.ReflectiveCallable.run(ReflectiveCallable.java:12)
at org.junit.runners.model.FrameworkMethod.invokeExplosively(FrameworkMethod.java:47)
at org.junit.internal.runners.statements.InvokeMethod.evaluate(InvokeMethod.java:17)
at org.junit.rules.ExternalResource$1.evaluate(ExternalResource.java:48)
at org.junit.rules.RunRules.evaluate(RunRules.java:20)
at org.junit.runners.ParentRunner.runLeaf(ParentRunner.java:325)
at org.junit.runners.BlockJUnit4ClassRunner.runChild(BlockJUnit4ClassRunner.java:78)
at org.junit.runners.BlockJUnit4ClassRunner.runChild(BlockJUnit4ClassRunner.java:57)
at org.junit.runners.ParentRunner$3.run(ParentRunner.java:290)
at org.junit.runners.ParentRunner$1.schedule(ParentRunner.java:71)
at org.junit.runners.ParentRunner.runChildren(ParentRunner.java:288)
at org.junit.runners.ParentRunner.access$000(ParentRunner.java:58)
at org.junit.runners.ParentRunner$2.evaluate(ParentRunner.java:268)
at org.junit.runners.ParentRunner.run(ParentRunner.java:363)
at androidx.test.ext.junit.runners.AndroidJUnit4.run(AndroidJUnit4.java:154)
at org.junit.runners.Suite.runChild(Suite.java:128)
at org.junit.runners.Suite.runChild(Suite.java:27)
at org.junit.runners.ParentRunner$3.run(ParentRunner.java:290)
at org.junit.runners.ParentRunner$1.schedule(ParentRunner.java:71)
at org.junit.runners.ParentRunner.runChildren(ParentRunner.java:288)
at org.junit.runners.ParentRunner.access$000(ParentRunner.java:58)
at org.junit.runners.ParentRunner$2.evaluate(ParentRunner.java:268)
at org.junit.runners.ParentRunner.run(ParentRunner.java:363)
at org.junit.runner.JUnitCore.run(JUnitCore.java:137)
at org.junit.runner.JUnitCore.run(JUnitCore.java:115)
at androidx.test.internal.runner.TestExecutor.execute(TestExecutor.java:56)
at androidx.test.runner.AndroidJUnitRunner.onStart(AndroidJUnitRunner.java:395)
at android.app.Instrumentation$InstrumentationThread.run(Instrumentation.java:2218)</failure>
  </testcase>
  <testcase name="recycler_view_item_count" classname="com.example.dogglers.VerticalListTests" time="0.175">
    <failure>androidx.test.espresso.base.DefaultFailureHandler$AssertionFailedWithCauseError: RecyclerView item count
Expected: &lt;6&gt;
Got: &lt;0&gt;

at dalvik.system.VMStack.getThreadStackTrace(Native Method)
at java.lang.Thread.getStackTrace(Thread.java:1736)
at androidx.test.espresso.base.DefaultFailureHandler.getUserFriendlyError(DefaultFailureHandler.java:16)
at androidx.test.espresso.base.DefaultFailureHandler.handle(DefaultFailureHandler.java:36)
at androidx.test.espresso.ViewInteraction.waitForAndHandleInteractionResults(ViewInteraction.java:103)
at androidx.test.espresso.ViewInteraction.check(ViewInteraction.java:31)
at com.example.dogglers.VerticalListTests.recycler_view_item_count(VerticalListTests.kt:61)
at java.lang.reflect.Method.invoke(Native Method)
at org.junit.runners.model.FrameworkMethod$1.runReflectiveCall(FrameworkMethod.java:50)
at org.junit.internal.runners.model.ReflectiveCallable.run(ReflectiveCallable.java:12)
at org.junit.runners.model.FrameworkMethod.invokeExplosively(FrameworkMethod.java:47)
at org.junit.internal.runners.statements.InvokeMethod.evaluate(InvokeMethod.java:17)
at org.junit.rules.ExternalResource$1.evaluate(ExternalResource.java:48)
at org.junit.rules.RunRules.evaluate(RunRules.java:20)
at org.junit.runners.ParentRunner.runLeaf(ParentRunner.java:325)
at org.junit.runners.BlockJUnit4ClassRunner.runChild(BlockJUnit4ClassRunner.java:78)
at org.junit.runners.BlockJUnit4ClassRunner.runChild(BlockJUnit4ClassRunner.java:57)
at org.junit.runners.ParentRunner$3.run(ParentRunner.java:290)
at org.junit.runners.ParentRunner$1.schedule(ParentRunner.java:71)
at org.junit.runners.ParentRunner.runChildren(ParentRunner.java:288)
at org.junit.runners.ParentRunner.access$000(ParentRunner.java:58)
at org.junit.runners.ParentRunner$2.evaluate(ParentRunner.java:268)
at org.junit.runners.ParentRunner.run(ParentRunner.java:363)
at androidx.test.ext.junit.runners.AndroidJUnit4.run(AndroidJUnit4.java:154)
at org.junit.runners.Suite.runChild(Suite.java:128)
at org.junit.runners.Suite.runChild(Suite.java:27)
at org.junit.runners.ParentRunner$3.run(ParentRunner.java:290)
at org.junit.runners.ParentRunner$1.schedule(ParentRunner.java:71)
at org.junit.runners.ParentRunner.runChildren(ParentRunner.java:288)
at org.junit.runners.ParentRunner.access$000(ParentRunner.java:58)
at org.junit.runners.ParentRunner$2.evaluate(ParentRunner.java:268)
at org.junit.runners.ParentRunner.run(ParentRunner.java:363)
at org.junit.runner.JUnitCore.run(JUnitCore.java:137)
at org.junit.runner.JUnitCore.run(JUnitCore.java:115)
at androidx.test.internal.runner.TestExecutor.execute(TestExecutor.java:56)
at androidx.test.runner.AndroidJUnitRunner.onStart(AndroidJUnitRunner.java:395)
at android.app.Instrumentation$InstrumentationThread.run(Instrumentation.java:2218)
Caused by: junit.framework.AssertionFailedError: RecyclerView item count
Expected: &lt;6&gt;
Got: &lt;0&gt;

at androidx.test.espresso.matcher.ViewMatchers.assertThat(ViewMatchers.java:17)
at com.example.dogglers.BaseTest$DrawableMatcher$RecyclerViewAssertion.check(BaseTest.kt:163)
at androidx.test.espresso.ViewInteraction$SingleExecutionViewAssertion.check(ViewInteraction.java:10)
at androidx.test.espresso.ViewInteraction$2.call(ViewInteraction.java:11)
at androidx.test.espresso.ViewInteraction$2.call(ViewInteraction.java:2)
at java.util.concurrent.FutureTask.run(FutureTask.java:266)
at android.os.Handler.handleCallback(Handler.java:938)
at android.os.Handler.dispatchMessage(Handler.java:99)
at android.os.Looper.loop(Looper.java:246)
at android.app.ActivityThread.main(ActivityThread.java:8633)
at java.lang.reflect.Method.invoke(Native Method)
at com.android.internal.os.RuntimeInit$MethodAndArgsCaller.run(RuntimeInit.java:602)
at com.android.internal.os.ZygoteInit.main(ZygoteInit.java:1130)</failure>
  </testcase>
  <testcase name="vertical_scroll_content_at_last_position" classname="com.example.dogglers.VerticalListTests" time="0.509">
    <failure>androidx.test.espresso.NoMatchingViewException: No views in hierarchy found matching: with text: is "Bella"

View Hierarchy:
+&gt;DecorView{id=-1, visibility=VISIBLE, width=1080, height=2400, has-focus=false, has-focusable=true, has-window-focus=true, is-clickable=false, is-enabled=true, is-focused=false, is-focusable=false, is-layout-requested=false, is-selected=false, layout-params={(0,0)(fillxfill) ty=BASE_APPLICATION wanim=0x1030304
fl=81810100
pfl=10020000
fitSides= naviIconColor=0}, tag=null, root-is-layout-requested=false, has-input-connection=false, x=0.0, y=0.0, child-count=3}
|
+-&gt;LinearLayout{id=-1, visibility=VISIBLE, width=1080, height=2256, has-focus=false, has-focusable=true, has-window-focus=true, is-clickable=false, is-enabled=true, is-focused=false, is-focusable=false, is-layout-requested=false, is-selected=false, layout-params=android.widget.FrameLayout$LayoutParams&#64;b368316, tag=null, root-is-layout-requested=false, has-input-connection=false, x=0.0, y=0.0, child-count=2}
|
+--&gt;ViewStub{id=16908721, res-name=action_mode_bar_stub, visibility=GONE, width=0, height=0, has-focus=false, has-focusable=false, has-window-focus=true, is-clickable=false, is-enabled=true, is-focused=false, is-focusable=false, is-layout-requested=true, is-selected=false, layout-params=android.widget.LinearLayout$LayoutParams&#64;b2ab497, tag=null, root-is-layout-requested=false, has-input-connection=false, x=0.0, y=0.0}
|
[...]
fl=81810100
pfl=10020000
fitSides= naviIconColor=0}, tag=null, root-is-layout-requested=false, has-input-connection=false, x=0.0, y=0.0, child-count=3}
|
+-&gt;LinearLayout{id=-1, visibility=VISIBLE, width=1080, height=2256, has-focus=false, has-focusable=true, has-window-focus=true, is-clickable=false, is-enabled=true, is-focused=false, is-focusable=false, is-layout-requested=false, is-selected=false, layout-params=android.widget.FrameLayout$LayoutParams&#64;df99294, tag=null, root-is-layout-requested=false, has-input-connection=false, x=0.0, y=0.0, child-count=2}
|
+--&gt;ViewStub{id=16908721, res-name=action_mode_bar_stub, visibility=GONE, width=0, height=0, has-focus=false, has-focusable=false, has-window-focus=true, is-clickable=false, is-enabled=true, is-focused=false, is-focusable=false, is-layout-requested=true, is-selected=false, layout-params=android.widget.LinearLayout$LayoutParams&#64;64b13d, tag=null, root-is-layout-requested=false, has-input-connection=false, x=0.0, y=0.0}
|
+--&gt;FrameLayout{id=-1, visibility=VISIBLE, width=1080, height=2168, has-focus=false, has-focusable=true, has-window-focus=true, is-clickable=false, is-enabled=true, is-focused=false, is-focusable=false, is-layout-requested=false, is-selected=false, layout-params=android.widget.LinearLayout$LayoutParams&#64;2617a83, tag=null, root-is-layout-requested=false, has-input-connection=false, x=0.0, y=88.0, child-count=1}
|
+---&gt;ActionBarOverlayLayout{id=2131230845, res-name=decor_content_parent, visibility=VISIBLE, width=1080, height=2168, has-focus=false, has-focusable=true, has-window-focus=true, is-clickable=false, is-enabled=true, is-focused=false, is-focusable=false, is-layout-requested=false, is-selected=false, layout-params=android.widget.FrameLayout$LayoutParams&#64;ddefa7e, tag=null, root-is-layout-requested=false, has-input-connection=false, x=0.0, y=0.0, child-count=2}
|
+----&gt;ContentFrameLayout{id=16908290, res-name=content, visibility=VISIBLE, width=1080, height=2000, has-focus=false, has-focusable=true, has-window-focus=true, is-clickable=false, is-enabled=true, is-focused=false, is-focusable=false, is-layout-requested=false, is-selected=false, layout-params=androidx.appcompat.widget.ActionBarOverlayLayout$LayoutParams&#64;6bca02c, tag=null, root-is-layout-requested=false, has-input-connection=false, x=0.0, y=168.0, child-count=1}
|
+-----&gt;FrameLayout{id=-1, visibility=VISIBLE, width=1080, height=2000, has-focus=false, has-focusable=true, has-window-focus=true, is-clickable=false, is-enabled=true, is-focused=false, is-focusable=false, is-layout-requested=false, is-selected=false, layout-params=android.widget.FrameLayout$LayoutParams&#64;36c408a, tag=null, root-is-layout-requested=false, has-input-connection=false, x=0.0, y=0.0, child-count=1}
|
+------&gt;RecyclerView{id=2131231135, res-name=vertical_recycler_view, visibility=VISIBLE, width=1080, height=2000, has-focus=false, has-focusable=true, has-window-focus=true, is-clickable=false, is-enabled=true, is-focused=false, is-focusable=true, is-layout-requested=false, is-selected=false, layout-params=android.widget.FrameLayout$LayoutParams&#64;57db6fb, tag=null, root-is-layout-requested=false, has-input-connection=false, x=0.0, y=0.0, child-count=0}
|
+----&gt;ActionBarContainer{id=2131230771, res-name=action_bar_container, visibility=VISIBLE, width=1080, height=168, has-focus=false, has-focusable=false, has-window-focus=true, is-clickable=false, is-enabled=true, is-focused=false, is-focusable=false, is-layout-requested=false, is-selected=false, layout-params=androidx.appcompat.widget.ActionBarOverlayLayout$LayoutParams&#64;3d5db56, tag=null, root-is-layout-requested=false, has-input-connection=false, x=0.0, y=0.0, child-count=2}
|
+-----&gt;Toolbar{id=2131230769, res-name=action_bar, visibility=VISIBLE, width=1080, height=168, has-focus=false, has-focusable=false, has-window-focus=true, is-clickable=false, is-enabled=true, is-focused=false, is-focusable=false, is-layout-requested=false, is-selected=false, layout-params=android.widget.FrameLayout$LayoutParams&#64;76c56e2, tag=null, root-is-layout-requested=false, has-input-connection=false, x=0.0, y=0.0, child-count=3}
|
+------&gt;AppCompatTextView{id=-1, visibility=VISIBLE, width=240, height=81, has-focus=false, has-focusable=false, has-window-focus=true, is-clickable=false, is-enabled=true, is-focused=false, is-focusable=false, is-layout-requested=false, is-selected=false, layout-params=androidx.appcompat.widget.Toolbar$LayoutParams&#64;660a73, tag=null, root-is-layout-requested=false, has-input-connection=false, x=216.0, y=43.0, text=Dogglers, input-type=0, ime-target=false, has-links=false}
|
+------&gt;AppCompatImageButton{id=-1, desc=Navegar para cima, visibility=VISIBLE, width=168, height=168, has-focus=false, has-focusable=false, has-window-focus=true, is-clickable=true, is-enabled=true, is-focused=false, is-focusable=true, is-layout-requested=false, is-selected=false, layout-params=androidx.appcompat.widget.Toolbar$LayoutParams&#64;a93ad30, tag=null, root-is-layout-requested=false, has-input-connection=false, x=0.0, y=0.0}
|
+------&gt;ActionMenuView{id=-1, visibility=VISIBLE, width=0, height=168, has-focus=false, has-focusable=false, has-window-focus=true, is-clickable=false, is-enabled=true, is-focused=false, is-focusable=false, is-layout-requested=false, is-selected=false, layout-params=androidx.appcompat.widget.Toolbar$LayoutParams&#64;2c58da9, tag=null, root-is-layout-requested=false, has-input-connection=false, x=1080.0, y=0.0, child-count=0}
|
+-----&gt;ActionBarContextView{id=2131230777, res-name=action_context_bar, visibility=GONE, width=0, height=0, has-focus=false, has-focusable=false, has-window-focus=true, is-clickable=false, is-enabled=true, is-focused=false, is-focusable=false, is-layout-requested=true, is-selected=false, layout-params=android.widget.FrameLayout$LayoutParams&#64;8fcff2e, tag=null, root-is-layout-requested=false, has-input-connection=false, x=0.0, y=0.0, child-count=0}
|
+-&gt;View{id=16908336, res-name=navigationBarBackground, visibility=VISIBLE, width=1080, height=144, has-focus=false, has-focusable=false, has-window-focus=true, is-clickable=false, is-enabled=true, is-focused=false, is-focusable=false, is-layout-requested=false, is-selected=false, layout-params=android.widget.FrameLayout$LayoutParams&#64;50cdacf, tag=null, root-is-layout-requested=false, has-input-connection=false, x=0.0, y=2256.0}
|
+-&gt;View{id=16908335, res-name=statusBarBackground, visibility=VISIBLE, width=1080, height=88, has-focus=false, has-focusable=false, has-window-focus=true, is-clickable=false, is-enabled=true, is-focused=false, is-focusable=false, is-layout-requested=false, is-selected=false, layout-params=android.widget.FrameLayout$LayoutParams&#64;c3e6c5c, tag=null, root-is-layout-requested=false, has-input-connection=false, x=0.0, y=0.0}
|
at dalvik.system.VMStack.getThreadStackTrace(Native Method)
at java.lang.Thread.getStackTrace(Thread.java:1736)
at androidx.test.espresso.base.DefaultFailureHandler.getUserFriendlyError(DefaultFailureHandler.java:16)
at androidx.test.espresso.base.DefaultFailureHandler.handle(DefaultFailureHandler.java:36)
at androidx.test.espresso.ViewInteraction.waitForAndHandleInteractionResults(ViewInteraction.java:106)
at androidx.test.espresso.ViewInteraction.check(ViewInteraction.java:31)
at com.example.dogglers.VerticalListTests.vertical_scrolling(VerticalListTests.kt:56)
at java.lang.reflect.Method.invoke(Native Method)
at org.junit.runners.model.FrameworkMethod$1.runReflectiveCall(FrameworkMethod.java:50)
at org.junit.internal.runners.model.ReflectiveCallable.run(ReflectiveCallable.java:12)
at org.junit.runners.model.FrameworkMethod.invokeExplosively(FrameworkMethod.java:47)
at org.junit.internal.runners.statements.InvokeMethod.evaluate(InvokeMethod.java:17)
at org.junit.rules.ExternalResource$1.evaluate(ExternalResource.java:48)
at org.junit.rules.RunRules.evaluate(RunRules.java:20)
at org.junit.runners.ParentRunner.runLeaf(ParentRunner.java:325)
at org.junit.runners.BlockJUnit4ClassRunner.runChild(BlockJUnit4ClassRunner.java:78)
at org.junit.runners.BlockJUnit4ClassRunner.runChild(BlockJUnit4ClassRunner.java:57)
at org.junit.runners.ParentRunner$3.run(ParentRunner.java:290)
at org.junit.runners.ParentRunner$1.schedule(ParentRunner.java:71)
at org.junit.runners.ParentRunner.runChildren(ParentRunner.java:288)
at org.junit.runners.ParentRunner.access$000(ParentRunner.java:58)
at org.junit.runners.ParentRunner$2.evaluate(ParentRunner.java:268)
at org.junit.runners.ParentRunner.run(ParentRunner.java:363)
at androidx.test.ext.junit.runners.AndroidJUnit4.run(AndroidJUnit4.java:154)
at org.junit.runners.Suite.runChild(Suite.java:128)
at org.junit.runners.Suite.runChild(Suite.java:27)
at org.junit.runners.ParentRunner$3.run(ParentRunner.java:290)
at org.junit.runners.ParentRunner$1.schedule(ParentRunner.java:71)
at org.junit.runners.ParentRunner.runChildren(ParentRunner.java:288)
at org.junit.runners.ParentRunner.access$000(ParentRunner.java:58)
at org.junit.runners.ParentRunner$2.evaluate(ParentRunner.java:268)
at org.junit.runners.ParentRunner.run(ParentRunner.java:363)
at org.junit.runner.JUnitCore.run(JUnitCore.java:137)
at org.junit.runner.JUnitCore.run(JUnitCore.java:115)
at androidx.test.internal.runner.TestExecutor.execute(TestExecutor.java:56)
at androidx.test.runner.AndroidJUnitRunner.onStart(AndroidJUnitRunner.java:395)
at android.app.Instrumentation$InstrumentationThread.run(Instrumentation.java:2218)</failure>
  </testcase>
  <testcase name="vertical_scroll_content_at_first_position" classname="com.example.dogglers.VerticalListTests" time="0.681">
    <failure>androidx.test.espresso.NoMatchingViewException: No views in hierarchy found matching: with text: is "Tzeitel"

View Hierarchy:
+&gt;DecorView{id=-1, visibility=VISIBLE, width=1080, height=2400, has-focus=false, has-focusable=true, has-window-focus=true, is-clickable=false, is-enabled=true, is-focused=false, is-focusable=false, is-layout-requested=false, is-selected=false, layout-params={(0,0)(fillxfill) ty=BASE_APPLICATION wanim=0x1030304
fl=81810100
pfl=10020000
fitSides= naviIconColor=0}, tag=null, root-is-layout-requested=false, has-input-connection=false, x=0.0, y=0.0, child-count=3}
|
+-&gt;LinearLayout{id=-1, visibility=VISIBLE, width=1080, height=2256, has-focus=false, has-focusable=true, has-window-focus=true, is-clickable=false, is-enabled=true, is-focused=false, is-focusable=false, is-layout-requested=false, is-selected=false, layout-params=android.widget.FrameLayout$LayoutParams&#64;d0ea087, tag=null, root-is-layout-requested=false, has-input-connection=false, x=0.0, y=0.0, child-count=2}
|
+--&gt;ViewStub{id=16908721, res-name=action_mode_bar_stub, visibility=GONE, width=0, height=0, has-focus=false, has-focusable=false, has-window-focus=true, is-clickable=false, is-enabled=true, is-focused=false, is-focusable=false, is-layout-requested=true, is-selected=false, layout-params=android.widget.LinearLayout$LayoutParams&#64;38dabb4, tag=null, root-is-layout-requested=false, has-input-connection=false, x=0.0, y=0.0}
|
+--&gt;FrameLayout{id=-1, visibility=VISIBLE, width=1080, height=2168, has-focus=false, has-focusable=true, has-window-focus=true, is-clickable=false, is-enabled=true, is-focused=false, is-focusable=false, is-layout-requested=false, is-selected=false, layout-params=android.widget.LinearLayout$LayoutParams&#64;229cb52, tag=null, root-is-layout-requested=false, has-input-connection=false, x=0.0, y=88.0, child-count=1}
|
+---&gt;ActionBarOverlayLayout{id=2131230845, res-name=decor_content_parent, visibility=VISIBLE, width=1080, height=2168, has-focus=false, has-focusable=true, has-window-focus=true, is-clickable=false, is-enabled=true, is-focused=false, is-focusable=false, is-layout-requested=false, is-selected=false, layout-params=android.widget.FrameLayout$LayoutParams&#64;6eb20d9, tag=null, root-is-layout-requested=false, has-input-connection=false, x=0.0, y=0.0, child-count=2}
|
+----&gt;ContentFrameLayout{id=16908290, res-name=content, visibility=VISIBLE, width=1080, height=2000, has-focus=false, has-focusable=true, has-window-focus=true, is-clickable=false, is-enabled=true, is-focused=false, is-focusable=false, is-layout-requested=false, is-selected=false, layout-params=androidx.appcompat.widget.ActionBarOverlayLayout$LayoutParams&#64;761197f, tag=null, root-is-layout-requested=false, has-input-connection=false, x=0.0, y=168.0, child-count=1}
|
+-----&gt;FrameLayout{id=-1, visibility=VISIBLE, width=1080, height=2000, has-focus=false, has-focusable=true, has-window-focus=true, is-clickable=false, is-enabled=true, is-focused=false, is-focusable=false, is-layout-requested=false, is-selected=false, layout-params=android.widget.FrameLayout$LayoutParams&#64;463f195, tag=null, root-is-layout-requested=false, has-input-connection=false, x=0.0, y=0.0, child-count=1}
|
+------&gt;RecyclerView{id=2131231135, res-name=vertical_recycler_view, visibility=VISIBLE, width=1080, height=2000, has-focus=false, has-focusable=true, has-window-focus=true, is-clickable=false, is-enabled=true, is-focused=false, is-focusable=true, is-layout-requested=false, is-selected=false, layout-params=android.widget.FrameLayout$LayoutParams&#64;6772aa, tag=null, root-is-layout-requested=false, has-input-connection=false, x=0.0, y=0.0, child-count=0}
|
+----&gt;ActionBarContainer{id=2131230771, res-name=action_bar_container, visibility=VISIBLE, width=1080, height=168, has-focus=false, has-focusable=false, has-window-focus=true, is-clickable=false, is-enabled=true, is-focused=false, is-focusable=false, is-layout-requested=false, is-selected=false, layout-params=androidx.appcompat.widget.ActionBarOverlayLayout$LayoutParams&#64;55f1211, tag=null, root-is-layout-requested=false, has-input-connection=false, x=0.0, y=0.0, child-count=2}
|
+-----&gt;Toolbar{id=2131230769, res-name=action_bar, visibility=VISIBLE, width=1080, height=168, has-focus=false, has-focusable=false, has-window-focus=true, is-clickable=false, is-enabled=true, is-focused=false, is-focusable=false, is-layout-requested=false, is-selected=false, layout-params=android.widget.FrameLayout$LayoutParams&#64;611be4d, tag=null, root-is-layout-requested=false, has-input-connection=false, x=0.0, y=0.0, child-count=3}
|
+------&gt;AppCompatTextView{id=-1, visibility=VISIBLE, width=240, height=81, has-focus=false, has-focusable=false, has-window-focus=true, is-clickable=false, is-enabled=true, is-focused=false, is-focusable=false, is-layout-requested=false, is-selected=false, layout-params=androidx.appcompat.widget.Toolbar$LayoutParams&#64;a17ad02, tag=null, root-is-layout-requested=false, has-input-connection=false, x=216.0, y=43.0, text=Dogglers, input-type=0, ime-target=false, has-links=false}
|
+------&gt;AppCompatImageButton{id=-1, desc=Navegar para cima, visibility=VISIBLE, width=168, height=168, has-focus=false, has-focusable=false, has-window-focus=true, is-clickable=true, is-enabled=true, is-focused=false, is-focusable=true, is-layout-requested=false, is-selected=false, layout-params=androidx.appcompat.widget.Toolbar$LayoutParams&#64;4577613, tag=null, root-is-layout-requested=false, has-input-connection=false, x=0.0, y=0.0}
|
+------&gt;ActionMenuView{id=-1, visibility=VISIBLE, width=0, height=168, has-focus=false, has-focusable=false, has-window-focus=true, is-clickable=false, is-enabled=true, is-focused=false, is-focusable=false, is-layout-requested=false, is-selected=false, layout-params=androidx.appcompat.widget.Toolbar$LayoutParams&#64;4e94050, tag=null, root-is-layout-requested=false, has-input-connection=false, x=1080.0, y=0.0, child-count=0}
|
+-----&gt;ActionBarContextView{id=2131230777, res-name=action_context_bar, visibility=GONE, width=0, height=0, has-focus=false, has-focusable=false, has-window-focus=true, is-clickable=false, is-enabled=true, is-focused=false, is-focusable=false, is-layout-requested=true, is-selected=false, layout-params=android.widget.FrameLayout$LayoutParams&#64;6c8f249, tag=null, root-is-layout-requested=false, has-input-connection=false, x=0.0, y=0.0, child-count=0}
|
+-&gt;View{id=16908336, res-name=navigationBarBackground, visibility=VISIBLE, width=1080, height=144, has-focus=false, has-focusable=false, has-window-focus=true, is-clickable=false, is-enabled=true, is-focused=false, is-focusable=false, is-layout-requested=false, is-selected=false, layout-params=android.widget.FrameLayout$LayoutParams&#64;ad7974e, tag=null, root-is-layout-requested=false, has-input-connection=false, x=0.0, y=2256.0}
|
+-&gt;View{id=16908335, res-name=statusBarBackground, visibility=VISIBLE, width=1080, height=88, has-focus=false, has-focusable=false, has-window-focus=true, is-clickable=false, is-enabled=true, is-focused=false, is-focusable=false, is-layout-requested=false, is-selected=false, layout-params=android.widget.FrameLayout$LayoutParams&#64;239606f, tag=null, root-is-layout-requested=false, has-input-connection=false, x=0.0, y=0.0}
|
at dalvik.system.VMStack.getThreadStackTrace(Native Method)
at java.lang.Thread.getStackTrace(Thread.java:1736)
at androidx.test.espresso.base.DefaultFailureHandler.getUserFriendlyError(DefaultFailureHandler.java:16)
at androidx.test.espresso.base.DefaultFailureHandler.handle(DefaultFailureHandler.java:36)
at androidx.test.espresso.ViewInteraction.waitForAndHandleInteractionResults(ViewInteraction.java:106)
at androidx.test.espresso.ViewInteraction.check(ViewInteraction.java:31)
at com.example.dogglers.BaseTest.hasListItemContent(BaseTest.kt:57)
at com.example.dogglers.BaseTest.checkFirstPosition(BaseTest.kt:70)
at com.example.dogglers.VerticalListTests.vertical_scroll_content_at_first_position(VerticalListTests.kt:42)
at java.lang.reflect.Method.invoke(Native Method)
at org.junit.runners.model.FrameworkMethod$1.runReflectiveCall(FrameworkMethod.java:50)
at org.junit.internal.runners.model.ReflectiveCallable.run(ReflectiveCallable.java:12)
at org.junit.runners.model.FrameworkMethod.invokeExplosively(FrameworkMethod.java:47)
at org.junit.internal.runners.statements.InvokeMethod.evaluate(InvokeMethod.java:17)
at org.junit.rules.ExternalResource$1.evaluate(ExternalResource.java:48)
at org.junit.rules.RunRules.evaluate(RunRules.java:20)
at org.junit.runners.ParentRunner.runLeaf(ParentRunner.java:325)
at org.junit.runners.BlockJUnit4ClassRunner.runChild(BlockJUnit4ClassRunner.java:78)
at org.junit.runners.BlockJUnit4ClassRunner.runChild(BlockJUnit4ClassRunner.java:57)
at org.junit.runners.ParentRunner$3.run(ParentRunner.java:290)
at org.junit.runners.ParentRunner$1.schedule(ParentRunner.java:71)
at org.junit.runners.ParentRunner.runChildren(ParentRunner.java:288)
at org.junit.runners.ParentRunner.access$000(ParentRunner.java:58)
at org.junit.runners.ParentRunner$2.evaluate(ParentRunner.java:268)
at org.junit.runners.ParentRunner.run(ParentRunner.java:363)
at androidx.test.ext.junit.runners.AndroidJUnit4.run(AndroidJUnit4.java:154)
at org.junit.runners.Suite.runChild(Suite.java:128)
at org.junit.runners.Suite.runChild(Suite.java:27)
at org.junit.runners.ParentRunner$3.run(ParentRunner.java:290)
at org.junit.runners.ParentRunner$1.schedule(ParentRunner.java:71)
at org.junit.runners.ParentRunner.runChildren(ParentRunner.java:288)
at org.junit.runners.ParentRunner.access$000(ParentRunner.java:58)
at org.junit.runners.ParentRunner$2.evaluate(ParentRunner.java:268)
at org.junit.runners.ParentRunner.run(ParentRunner.java:363)
at org.junit.runner.JUnitCore.run(JUnitCore.java:137)
at org.junit.runner.JUnitCore.run(JUnitCore.java:115)
at androidx.test.internal.runner.TestExecutor.execute(TestExecutor.java:56)
at androidx.test.runner.AndroidJUnitRunner.onStart(AndroidJUnitRunner.java:395)
at android.app.Instrumentation$InstrumentationThread.run(Instrumentation.java:2218)</failure>
  </testcase>
</testsuite>